J
JJ
JJJ
JJJJ
JJJK
JJJC
JJJY
JJJI
JJJT
JJJH
JJJE
JJJS
JJJO
JJK
JJKJ
JJKK
JJKC
JJKY
JJKI
JJKT
JJKH
JJKE
JJKS
JJKO
JJC
JJCJ
JJCK
JJCC
JJCY
JJCI
JJCT
JJCH
JJCE
JJCS
JJCO
JJY
JJYJ
JJYK
JJYC
JJYY
JJYI
JJYT
JJYH
JJYE
JJYS
JJYO
JJI
JJIJ
JJIK
JJIC
JJIY
JJII
JJIT
JJIH
JJIE
JJIS
JJIO
JJT
JJTJ
JJTK
JJTC
JJTY
JJTI
JJTT
JJTH
JJTE
JJTS
JJTO
JJH
JJHJ
JJHK
JJHC
JJHY
JJHI
JJHT
JJHH
JJHE
JJHS
JJHO
JJE
JJEJ
JJEK
JJEC
JJEY
JJEI
JJET
JJEH
JJEE
JJES
JJEO
JJS
JJSJ
JJSK
JJSC
JJSY
JJSI
JJST
JJSH
JJSE
JJSS
JJSO
JJO
JJOJ
JJOK
JJOC
JJOY
JJOI
JJOT
JJOH
JJOE
JJOS
JJOO
JK
JKJ
JKJJ
JKJK
JKJC
JKJY
JKJI
JKJT
JKJH
JKJE
JKJS
JKJO
JKK
JKKJ
JKKK
JKKC
JKKY
JKKI
JKKT
JKKH
JKKE
JKKS
JKKO
JKC
JKCJ
JKCK
JKCC
JKCY
JKCI
JKCT
JKCH
JKCE
JKCS
JKCO
JKY
JKYJ
JKYK
JKYC
JKYY
JKYI
JKYT
JKYH
JKYE
JKYS
JKYO
JKI
JKIJ
JKIK
JKIC
JKIY
JKII
JKIT
JKIH
JKIE
JKIS
JKIO
JKT
JKTJ
JKTK
JKTC
JKTY
JKTI
JKTT
JKTH
JKTE
JKTS
JKTO
JKH
JKHJ
JKHK
JKHC
JKHY
JKHI
JKHT
JKHH
JKHE
JKHS
JKHO
JKE
JKEJ
JKEK
JKEC
JKEY
JKEI
JKET
JKEH
JKEE
JKES
JKEO
JKS
JKSJ
JKSK
JKSC
JKSY
JKSI
JKST
JKSH
JKSE
JKSS
JKSO
JKO
JKOJ
JKOK
JKOC
JKOY
JKOI
JKOT
JKOH
JKOE
JKOS
JKOO
JC
JCJ
JCJJ
JCJK
JCJC
JCJY
JCJI
JCJT
JCJH
JCJE
JCJS
JCJO
JCK
JCKJ
JCKK
JCKC
JCKY
JCKI
JCKT
JCKH
JCKE
JCKS
JCKO
JCC
JCCJ
JCCK
JCCC
JCCY
JCCI
JCCT
JCCH
JCCE
JCCS
JCCO
JCY
JCYJ
JCYK
JCYC
JCYY
JCYI
JCYT
JCYH
JCYE
JCYS
JCYO
JCI
JCIJ
JCIK
JCIC
JCIY
JCII
JCIT
JCIH
JCIE
JCIS
JCIO
JCT
JCTJ
JCTK
JCTC
JCTY
JCTI
JCTT
JCTH
JCTE
JCTS
JCTO
JCH
JCHJ
JCHK
JCHC
JCHY
JCHI
JCHT
JCHH
JCHE
JCHS
JCHO
JCE
JCEJ
JCEK
JCEC
JCEY
JCEI
JCET
JCEH
JCEE
JCES
JCEO
JCS
JCSJ
JCSK
JCSC
JCSY
JCSI
JCST
JCSH
JCSE
JCSS
JCSO
JCO
JCOJ
JCOK
JCOC
JCOY
JCOI
JCOT
JCOH
JCOE
JCOS
JCOO
JY
JYJ
JYJJ
JYJK
JYJC
JYJY
JYJI
JYJT
JYJH
JYJE
JYJS
JYJO
JYK
JYKJ
JYKK
JYKC
JYKY
JYKI
JYKT
JYKH
JYKE
JYKS
JYKO
JYC
JYCJ
JYCK
JYCC
JYCY
JYCI
JYCT
JYCH
JYCE
JYCS
JYCO
JYY
JYYJ
JYYK
JYYC
JYYY
JYYI
JYYT
JYYH
JYYE
JYYS
JYYO
JYI
JYIJ
JYIK
JYIC
JYIY
JYII
JYIT
JYIH
JYIE
JYIS
JYIO
JYT
JYTJ
JYTK
JYTC
JYTY
JYTI
JYTT
JYTH
JYTE
JYTS
JYTO
JYH
JYHJ
JYHK
JYHC
JYHY
JYHI
JYHT
JYHH
JYHE
JYHS
JYHO
JYE
JYEJ
JYEK
JYEC
JYEY
JYEI
JYET
JYEH
JYEE
JYES
JYEO
JYS
JYSJ
JYSK
JYSC
JYSY
JYSI
JYST
JYSH
JYSE
JYSS
JYSO
JYO
JYOJ
JYOK
JYOC
JYOY
JYOI
JYOT
JYOH
JYOE
JYOS
JYOO
JI
JIJ
JIJJ
JIJK
JIJC
JIJY
JIJI
JIJT
JIJH
JIJE
JIJS
JIJO
JIK
JIKJ
JIKK
JIKC
JIKY
JIKI
JIKT
JIKH
JIKE
JIKS
JIKO
JIC
JICJ
JICK
JICC
JICY
JICI
JICT
JICH
JICE
JICS
JICO
JIY
JIYJ
JIYK
JIYC
JIYY
JIYI
JIYT
JIYH
JIYE
JIYS
JIYO
JII
JIIJ
JIIK
JIIC
JIIY
JIII
JIIT
JIIH
JIIE
JIIS
JIIO
JIT
JITJ
JITK
JITC
JITY
JITI
JITT
JITH
JITE
JITS
JITO
JIH
JIHJ
JIHK
JIHC
JIHY
JIHI
JIHT
JIHH
JIHE
JIHS
JIHO
JIE
JIEJ
JIEK
JIEC
JIEY
JIEI
JIET
JIEH
JIEE
JIES
JIEO
JIS
JISJ
JISK
JISC
JISY
JISI
JIST
JISH
JISE
JISS
JISO
JIO
JIOJ
JIOK
JIOC
JIOY
JIOI
JIOT
JIOH
JIOE
JIOS
JIOO
JT
JTJ
JTJJ
JTJK
JTJC
JTJY
JTJI
JTJT
JTJH
JTJE
JTJS
JTJO
JTK
JTKJ
JTKK
JTKC
JTKY
JTKI
JTKT
JTKH
JTKE
JTKS
JTKO
JTC
JTCJ
JTCK
JTCC
JTCY
JTCI
JTCT
JTCH
JTCE
JTCS
JTCO
JTY
JTYJ
JTYK
JTYC
JTYY
JTYI
JTYT
JTYH
JTYE
JTYS
JTYO
JTI
JTIJ
JTIK
JTIC
JTIY
JTII
JTIT
JTIH
JTIE
JTIS
JTIO
JTT
JTTJ
JTTK
JTTC
JTTY
JTTI
JTTT
JTTH
JTTE
JTTS
JTTO
JTH
JTHJ
JTHK
JTHC
JTHY
JTHI
JTHT
JTHH
JTHE
JTHS
JTHO
JTE
JTEJ
JTEK
JTEC
JTEY
JTEI
JTET
JTEH
JTEE
JTES
JTEO
JTS
JTSJ
JTSK
JTSC
JTSY
JTSI
JTST
JTSH
JTSE
JTSS
JTSO
JTO
JTOJ
JTOK
JTOC
JTOY
JTOI
JTOT
JTOH
JTOE
JTOS
JTOO
JH
JHJ
JHJJ
JHJK
JHJC
JHJY
JHJI
JHJT
JHJH
JHJE
JHJS
JHJO
JHK
JHKJ
JHKK
JHKC
JHKY
JHKI
JHKT
JHKH
JHKE
JHKS
JHKO
JHC
JHCJ
JHCK
JHCC
JHCY
JHCI
JHCT
JHCH
JHCE
JHCS
JHCO
JHY
JHYJ
JHYK
JHYC
JHYY
JHYI
JHYT
JHYH
JHYE
JHYS
JHYO
JHI
JHIJ
JHIK
JHIC
JHIY
JHII
JHIT
JHIH
JHIE
JHIS
JHIO
JHT
JHTJ
JHTK
JHTC
JHTY
JHTI
JHTT
JHTH
JHTE
JHTS
JHTO
JHH
JHHJ
JHHK
JHHC
JHHY
JHHI
JHHT
JHHH
JHHE
JHHS
JHHO
JHE
JHEJ
JHEK
JHEC
JHEY
JHEI
JHET
JHEH
JHEE
JHES
JHEO
JHS
JHSJ
JHSK
JHSC
JHSY
JHSI
JHST
JHSH
JHSE
JHSS
JHSO
JHO
JHOJ
JHOK
JHOC
JHOY
JHOI
JHOT
JHOH
JHOE
JHOS
JHOO
JE
JEJ
JEJJ
JEJK
JEJC
JEJY
JEJI
JEJT
JEJH
JEJE
JEJS
JEJO
JEK
JEKJ
JEKK
JEKC
JEKY
JEKI
JEKT
JEKH
JEKE
JEKS
JEKO
JEC
JECJ
JECK
JECC
JECY
JECI
JECT
JECH
JECE
JECS
JECO
JEY
JEYJ
JEYK
JEYC
JEYY
JEYI
JEYT
JEYH
JEYE
JEYS
JEYO
JEI
JEIJ
JEIK
JEIC
JEIY
JEII
JEIT
JEIH
JEIE
JEIS
JEIO
JET
JETJ
JETK
JETC
JETY
JETI
JETT
JETH
JETE
JETS
JETO
JEH
JEHJ
JEHK
JEHC
JEHY
JEHI
JEHT
JEHH
JEHE
JEHS
JEHO
JEE
JEEJ
JEEK
JEEC
JEEY
JEEI
JEET
JEEH
JEEE
JEES
JEEO
JES
JESJ
JESK
JESC
JESY
JESI
JEST
JESH
JESE
JESS
JESO
JEO
JEOJ
JEOK
JEOC
JEOY
JEOI
JEOT
JEOH
JEOE
JEOS
JEOO
JS
JSJ
JSJJ
JSJK
JSJC
JSJY
JSJI
JSJT
JSJH
JSJE
JSJS
JSJO
JSK
JSKJ
JSKK
JSKC
JSKY
JSKI
JSKT
JSKH
JSKE
JSKS
JSKO
JSC
JSCJ
JSCK
JSCC
JSCY
JSCI
JSCT
JSCH
JSCE
JSCS
JSCO
JSY
JSYJ
JSYK
JSYC
JSYY
JSYI
JSYT
JSYH
JSYE
JSYS
JSYO
JSI
JSIJ
JSIK
JSIC
JSIY
JSII
JSIT
JSIH
JSIE
JSIS
JSIO
JST
JSTJ
JSTK
JSTC
JSTY
JSTI
JSTT
JSTH
JSTE
JSTS
JSTO
JSH
JSHJ
JSHK
JSHC
JSHY
JSHI
JSHT
JSHH
JSHE
JSHS
JSHO
JSE
JSEJ
JSEK
JSEC
JSEY
JSEI
JSET
JSEH
JSEE
JSES
JSEO
JSS
JSSJ
JSSK
JSSC
JSSY
JSSI
JSST
JSSH
JSSE
JSSS
JSSO
JSO
JSOJ
JSOK
JSOC
JSOY
JSOI
JSOT
JSOH
JSOE
JSOS
JSOO
JO
JOJ
JOJJ
JOJK
JOJC
JOJY
JOJI
JOJT
JOJH
JOJE
JOJS
JOJO
JOK
JOKJ
JOKK
JOKC
JOKY
JOKI
JOKT
JOKH
JOKE
JOKS
JOKO
JOC
JOCJ
JOCK
JOCC
JOCY
JOCI
JOCT
JOCH
JOCE
JOCS
JOCO
JOY
JOYJ
JOYK
JOYC
JOYY
JOYI
JOYT
JOYH
JOYE
JOYS
JOYO
JOI
JOIJ
JOIK
JOIC
JOIY
JOII
JOIT
JOIH
JOIE
JOIS
JOIO
JOT
JOTJ
JOTK
JOTC
JOTY
JOTI
JOTT
JOTH
JOTE
JOTS
JOTO
JOH
JOHJ
JOHK
JOHC
JOHY
JOHI
JOHT
JOHH
JOHE
JOHS
JOHO
JOE
JOEJ
JOEK
JOEC
JOEY
JOEI
JOET
JOEH
JOEE
JOES
JOEO
JOS
JOSJ
JOSK
JOSC
JOSY
JOSI
JOST
JOSH
JOSE
JOSS
JOSO
JOO
JOOJ
JOOK
JOOC
JOOY
JOOI
JOOT
JOOH
JOOE
JOOS
JOOO
K
KJ
KJJ
KJJJ
KJJK
KJJC
KJJY
KJJI
KJJT
KJJH
KJJE
KJJS
KJJO
KJK
KJKJ
KJKK
KJKC
KJKY
KJKI
KJKT
KJKH
KJKE
KJKS
KJKO
KJC
KJCJ
KJCK
KJCC
KJCY
KJCI
KJCT
KJCH
KJCE
KJCS
KJCO
KJY
KJYJ
KJYK
KJYC
KJYY
KJYI
KJYT
KJYH
KJYE
KJYS
KJYO
KJI
KJIJ
KJIK
KJIC
KJIY
KJII
KJIT
KJIH
KJIE
KJIS
KJIO
KJT
KJTJ
KJTK
KJTC
KJTY
KJTI
KJTT
KJTH
KJTE
KJTS
KJTO
KJH
KJHJ
KJHK
KJHC
KJHY
KJHI
KJHT
KJHH
KJHE
KJHS
KJHO
KJE
KJEJ
KJEK
KJEC
KJEY
KJEI
KJET
KJEH
KJEE
KJES
KJEO
KJS
KJSJ
KJSK
KJSC
KJSY
KJSI
KJST
KJSH
KJSE
KJSS
KJSO
KJO
KJOJ
KJOK
KJOC
KJOY
KJOI
KJOT
KJOH
KJOE
KJOS
KJOO
KK
KKJ
KKJJ
KKJK
KKJC
KKJY
KKJI
KKJT
KKJH
KKJE
KKJS
KKJO
KKK
KKKJ
KKKK
KKKC
KKKY
KKKI
KKKT
KKKH
KKKE
KKKS
KKKO
KKC
KKCJ
KKCK
KKCC
KKCY
KKCI
KKCT
KKCH
KKCE
KKCS
KKCO
KKY
KKYJ
KKYK
KKYC
KKYY
KKYI
KKYT
KKYH
KKYE
KKYS
KKYO
KKI
KKIJ
KKIK
KKIC
KKIY
KKII
KKIT
KKIH
KKIE
KKIS
KKIO
KKT
KKTJ
KKTK
KKTC
KKTY
KKTI
KKTT
KKTH
KKTE
KKTS
KKTO
KKH
KKHJ
KKHK
KKHC
KKHY
KKHI
KKHT
KKHH
KKHE
KKHS
KKHO
KKE
KKEJ
KKEK
KKEC
KKEY
KKEI
KKET
KKEH
KKEE
KKES
KKEO
KKS
KKSJ
KKSK
KKSC
KKSY
KKSI
KKST
KKSH
KKSE
KKSS
KKSO
KKO
KKOJ
KKOK
KKOC
KKOY
KKOI
KKOT
KKOH
KKOE
KKOS
KKOO
KC
KCJ
KCJJ
KCJK
KCJC
KCJY
KCJI
KCJT
KCJH
KCJE
KCJS
KCJO
KCK
KCKJ
KCKK
KCKC
KCKY
KCKI
KCKT
KCKH
KCKE
KCKS
KCKO
KCC
KCCJ
KCCK
KCCC
KCCY
KCCI
KCCT
KCCH
KCCE
KCCS
KCCO
KCY
KCYJ
KCYK
KCYC
KCYY
KCYI
KCYT
KCYH
KCYE
KCYS
KCYO
KCI
KCIJ
KCIK
KCIC
KCIY
KCII
KCIT
KCIH
KCIE
KCIS
KCIO
KCT
KCTJ
KCTK
KCTC
KCTY
KCTI
KCTT
KCTH
KCTE
KCTS
KCTO
KCH
KCHJ
KCHK
KCHC
KCHY
KCHI
KCHT
KCHH
KCHE
KCHS
KCHO
KCE
KCEJ
KCEK
KCEC
KCEY
KCEI
KCET
KCEH
KCEE
KCES
KCEO
KCS
KCSJ
KCSK
KCSC
KCSY
KCSI
KCST
KCSH
KCSE
KCSS
KCSO
KCO
KCOJ
KCOK
KCOC
KCOY
KCOI
KCOT
KCOH
KCOE
KCOS
KCOO
KY
KYJ
KYJJ
KYJK
KYJC
KYJY
KYJI
KYJT
KYJH
KYJE
KYJS
KYJO
KYK
KYKJ
KYKK
KYKC
KYKY
KYKI
KYKT
KYKH
KYKE
KYKS
KYKO
KYC
KYCJ
KYCK
KYCC
KYCY
KYCI
KYCT
KYCH
KYCE
KYCS
KYCO
KYY
KYYJ
KYYK
KYYC
KYYY
KYYI
KYYT
KYYH
KYYE
KYYS
KYYO
KYI
KYIJ
KYIK
KYIC
KYIY
KYII
KYIT
KYIH
KYIE
KYIS
KYIO
KYT
KYTJ
KYTK
KYTC
KYTY
KYTI
KYTT
KYTH
KYTE
KYTS
KYTO
KYH
KYHJ
KYHK
KYHC
KYHY
KYHI
KYHT
KYHH
KYHE
KYHS
KYHO
KYE
KYEJ
KYEK
KYEC
KYEY
KYEI
KYET
KYEH
KYEE
KYES
KYEO
KYS
KYSJ
KYSK
KYSC
KYSY
KYSI
KYST
KYSH
KYSE
KYSS
KYSO
KYO
KYOJ
KYOK
KYOC
KYOY
KYOI
KYOT
KYOH
KYOE
KYOS
KYOO
KI
KIJ
KIJJ
KIJK
KIJC
KIJY
KIJI
KIJT
KIJH
KIJE
KIJS
KIJO
KIK
KIKJ
KIKK
KIKC
KIKY
KIKI
KIKT
KIKH
KIKE
KIKS
KIKO
KIC
KICJ
KICK
KICC
KICY
KICI
KICT
KICH
KICE
KICS
KICO
KIY
KIYJ
KIYK
KIYC
KIYY
KIYI
KIYT
KIYH
KIYE
KIYS
KIYO
KII
KIIJ
KIIK
KIIC
KIIY
KIII
KIIT
KIIH
KIIE
KIIS
KIIO
KIT
KITJ
KITK
KITC
KITY
KITI
KITT
KITH
KITE
KITS
KITO
KIH
KIHJ
KIHK
KIHC
KIHY
KIHI
KIHT
KIHH
KIHE
KIHS
KIHO
KIE
KIEJ
KIEK
KIEC
KIEY
KIEI
KIET
KIEH
KIEE
KIES
KIEO
KIS
KISJ
KISK
KISC
KISY
KISI
KIST
KISH
KISE
KISS
KISO
KIO
KIOJ
KIOK
KIOC
KIOY
KIOI
KIOT
KIOH
KIOE
KIOS
KIOO
KT
KTJ
KTJJ
KTJK
KTJC
KTJY
KTJI
KTJT
KTJH
KTJE
KTJS
KTJO
KTK
KTKJ
KTKK
KTKC
KTKY
KTKI
KTKT
KTKH
KTKE
KTKS
KTKO
KTC
KTCJ
KTCK
KTCC
KTCY
KTCI
KTCT
KTCH
KTCE
KTCS
KTCO
KTY
KTYJ
KTYK
KTYC
KTYY
KTYI
KTYT
KTYH
KTYE
KTYS
KTYO
KTI
KTIJ
KTIK
KTIC
KTIY
KTII
KTIT
KTIH
KTIE
KTIS
KTIO
KTT
KTTJ
KTTK
KTTC
KTTY
KTTI
KTTT
KTTH
KTTE
KTTS
KTTO
KTH
KTHJ
KTHK
KTHC
KTHY
KTHI
KTHT
KTHH
KTHE
KTHS
KTHO
KTE
KTEJ
KTEK
KTEC
KTEY
KTEI
KTET
KTEH
KTEE
KTES
KTEO
KTS
KTSJ
KTSK
KTSC
KTSY
KTSI
KTST
KTSH
KTSE
KTSS
KTSO
KTO
KTOJ
KTOK
KTOC
KTOY
KTOI
KTOT
KTOH
KTOE
KTOS
KTOO
KH
KHJ
KHJJ
KHJK
KHJC
KHJY
KHJI
KHJT
KHJH
KHJE
KHJS
KHJO
KHK
KHKJ
KHKK
KHKC
KHKY
KHKI
KHKT
KHKH
KHKE
KHKS
KHKO
KHC
KHCJ
KHCK
KHCC
KHCY
KHCI
KHCT
KHCH
KHCE
KHCS
KHCO
KHY
KHYJ
KHYK
KHYC
KHYY
KHYI
KHYT
KHYH
KHYE
KHYS
KHYO
KHI
KHIJ
KHIK
KHIC
KHIY
KHII
KHIT
KHIH
KHIE
KHIS
KHIO
KHT
KHTJ
KHTK
KHTC
KHTY
KHTI
KHTT
KHTH
KHTE
KHTS
KHTO
KHH
KHHJ
KHHK
KHHC
KHHY
KHHI
KHHT
KHHH
KHHE
KHHS
KHHO
KHE
KHEJ
KHEK
KHEC
KHEY
KHEI
KHET
KHEH
KHEE
KHES
KHEO
KHS
KHSJ
KHSK
KHSC
KHSY
KHSI
KHST
KHSH
KHSE
KHSS
KHSO
KHO
KHOJ
KHOK
KHOC
KHOY
KHOI
KHOT
KHOH
KHOE
KHOS
KHOO
KE
KEJ
KEJJ
KEJK
KEJC
KEJY
KEJI
KEJT
KEJH
KEJE
KEJS
KEJO
KEK
KEKJ
KEKK
KEKC
KEKY
KEKI
KEKT
KEKH
KEKE
KEKS
KEKO
KEC
KECJ
KECK
KECC
KECY
KECI
KECT
KECH
KECE
KECS
KECO
KEY
KEYJ
KEYK
KEYC
KEYY
KEYI
KEYT
KEYH
KEYE
KEYS
KEYO
KEI
KEIJ
KEIK
KEIC
KEIY
KEII
KEIT
KEIH
KEIE
KEIS
KEIO
KET
KETJ
KETK
KETC
KETY
KETI
KETT
KETH
KETE
KETS
KETO
KEH
KEHJ
KEHK
KEHC
KEHY
KEHI
KEHT
KEHH
KEHE
KEHS
KEHO
KEE
KEEJ
KEEK
KEEC
KEEY
KEEI
KEET
KEEH
KEEE
KEES
KEEO
KES
KESJ
KESK
KESC
KESY
KESI
KEST
KESH
KESE
KESS
KESO
KEO
KEOJ
KEOK
KEOC
KEOY
KEOI
KEOT
KEOH
KEOE
KEOS
KEOO
KS
KSJ
KSJJ
KSJK
KSJC
KSJY
KSJI
KSJT
KSJH
KSJE
KSJS
KSJO
KSK
KSKJ
KSKK
KSKC
KSKY
KSKI
KSKT
KSKH
KSKE
KSKS
KSKO
KSC
KSCJ
KSCK
KSCC
KSCY
KSCI
KSCT
KSCH
KSCE
KSCS
KSCO
KSY
KSYJ
KSYK
KSYC
KSYY
KSYI
KSYT
KSYH
KSYE
KSYS
KSYO
KSI
KSIJ
KSIK
KSIC
KSIY
KSII
KSIT
KSIH
KSIE
KSIS
KSIO
KST
KSTJ
KSTK
KSTC
KSTY
KSTI
KSTT
KSTH
KSTE
KSTS
KSTO
KSH
KSHJ
KSHK
KSHC
KSHY
KSHI
KSHT
KSHH
KSHE
KSHS
KSHO
KSE
KSEJ
KSEK
KSEC
KSEY
KSEI
KSET
KSEH
KSEE
KSES
KSEO
KSS
KSSJ
KSSK
KSSC
KSSY
KSSI
KSST
KSSH
KSSE
KSSS
KSSO
KSO
KSOJ
KSOK
KSOC
KSOY
KSOI
KSOT
KSOH
KSOE
KSOS
KSOO
KO
KOJ
KOJJ
KOJK
KOJC
KOJY
KOJI
KOJT
KOJH
KOJE
KOJS
KOJO
KOK
KOKJ
KOKK
KOKC
KOKY
KOKI
KOKT
KOKH
KOKE
KOKS
KOKO
KOC
KOCJ
KOCK
KOCC
KOCY
KOCI
KOCT
KOCH
KOCE
KOCS
KOCO
KOY
KOYJ
KOYK
KOYC
KOYY
KOYI
KOYT
KOYH
KOYE
KOYS
KOYO
KOI
KOIJ
KOIK
KOIC
KOIY
KOII
KOIT
KOIH
KOIE
KOIS
KOIO
KOT
KOTJ
KOTK
KOTC
KOTY
KOTI
KOTT
KOTH
KOTE
KOTS
KOTO
KOH
KOHJ
KOHK
KOHC
KOHY
KOHI
KOHT
KOHH
KOHE
KOHS
KOHO
KOE
KOEJ
KOEK
KOEC
KOEY
KOEI
KOET
KOEH
KOEE
KOES
KOEO
KOS
KOSJ
KOSK
KOSC
KOSY
KOSI
KOST
KOSH
KOSE
KOSS
KOSO
KOO
KOOJ
KOOK
KOOC
KOOY
KOOI
KOOT
KOOH
KOOE
KOOS
KOOO
C
CJ
CJJ
CJJJ
CJJK
CJJC
CJJY
CJJI
CJJT
CJJH
CJJE
CJJS
CJJO
CJK
CJKJ
CJKK
CJKC
CJKY
CJKI
CJKT
CJKH
CJKE
CJKS
CJKO
CJC
CJCJ
CJCK
CJCC
CJCY
CJCI
CJCT
CJCH
CJCE
CJCS
CJCO
CJY
CJYJ
CJYK
CJYC
CJYY
CJYI
CJYT
CJYH
CJYE
CJYS
CJYO
CJI
CJIJ
CJIK
CJIC
CJIY
CJII
CJIT
CJIH
CJIE
CJIS
CJIO
CJT
CJTJ
CJTK
CJTC
CJTY
CJTI
CJTT
CJTH
CJTE
CJTS
CJTO
CJH
CJHJ
CJHK
CJHC
CJHY
CJHI
CJHT
CJHH
CJHE
CJHS
CJHO
CJE
CJEJ
CJEK
CJEC
CJEY
CJEI
CJET
CJEH
CJEE
CJES
CJEO
CJS
CJSJ
CJSK
CJSC
CJSY
CJSI
CJST
CJSH
CJSE
CJSS
CJSO
CJO
CJOJ
CJOK
CJOC
CJOY
CJOI
CJOT
CJOH
CJOE
CJOS
CJOO
CK
CKJ
CKJJ
CKJK
CKJC
CKJY
CKJI
CKJT
CKJH
CKJE
CKJS
CKJO
CKK
CKKJ
CKKK
CKKC
CKKY
CKKI
CKKT
CKKH
CKKE
CKKS
CKKO
CKC
CKCJ
CKCK
CKCC
CKCY
CKCI
CKCT
CKCH
CKCE
CKCS
CKCO
CKY
CKYJ
CKYK
CKYC
CKYY
CKYI
CKYT
CKYH
CKYE
CKYS
CKYO
CKI
CKIJ
CKIK
CKIC
CKIY
CKII
CKIT
CKIH
CKIE
CKIS
CKIO
CKT
CKTJ
CKTK
CKTC
CKTY
CKTI
CKTT
CKTH
CKTE
CKTS
CKTO
CKH
CKHJ
CKHK
CKHC
CKHY
CKHI
CKHT
CKHH
CKHE
CKHS
CKHO
CKE
CKEJ
CKEK
CKEC
CKEY
CKEI
CKET
CKEH
CKEE
CKES
CKEO
CKS
CKSJ
CKSK
CKSC
CKSY
CKSI
CKST
CKSH
CKSE
CKSS
CKSO
CKO
CKOJ
CKOK
CKOC
CKOY
CKOI
CKOT
CKOH
CKOE
CKOS
CKOO
CC
CCJ
CCJJ
CCJK
CCJC
CCJY
CCJI
CCJT
CCJH
CCJE
CCJS
CCJO
CCK
CCKJ
CCKK
CCKC
CCKY
CCKI
CCKT
CCKH
CCKE
CCKS
CCKO
CCC
CCCJ
CCCK
CCCC
CCCY
CCCI
CCCT
CCCH
CCCE
CCCS
CCCO
CCY
CCYJ
CCYK
CCYC
CCYY
CCYI
CCYT
CCYH
CCYE
CCYS
CCYO
CCI
CCIJ
CCIK
CCIC
CCIY
CCII
CCIT
CCIH
CCIE
CCIS
CCIO
CCT
CCTJ
CCTK
CCTC
CCTY
CCTI
CCTT
CCTH
CCTE
CCTS
CCTO
CCH
CCHJ
CCHK
CCHC
CCHY
CCHI
CCHT
CCHH
CCHE
CCHS
CCHO
CCE
CCEJ
CCEK
CCEC
CCEY
CCEI
CCET
CCEH
CCEE
CCES
CCEO
CCS
CCSJ
CCSK
CCSC
CCSY
CCSI
CCST
CCSH
CCSE
CCSS
CCSO
CCO
CCOJ
CCOK
CCOC
CCOY
CCOI
CCOT
CCOH
CCOE
CCOS
CCOO
CY
CYJ
CYJJ
CYJK
CYJC
CYJY
CYJI
CYJT
CYJH
CYJE
CYJS
CYJO
CYK
CYKJ
CYKK
CYKC
CYKY
CYKI
CYKT
CYKH
CYKE
CYKS
CYKO
CYC
CYCJ
CYCK
CYCC
CYCY
CYCI
CYCT
CYCH
CYCE
CYCS
CYCO
CYY
CYYJ
CYYK
CYYC
CYYY
CYYI
CYYT
CYYH
CYYE
CYYS
CYYO
CYI
CYIJ
CYIK
CYIC
CYIY
CYII
CYIT
CYIH
CYIE
CYIS
CYIO
CYT
CYTJ
CYTK
CYTC
CYTY
CYTI
CYTT
CYTH
CYTE
CYTS
CYTO
CYH
CYHJ
CYHK
CYHC
CYHY
CYHI
CYHT
CYHH
CYHE
CYHS
CYHO
CYE
CYEJ
CYEK
CYEC
CYEY
CYEI
CYET
CYEH
CYEE
CYES
CYEO
CYS
CYSJ
CYSK
CYSC
CYSY
CYSI
CYST
CYSH
CYSE
CYSS
CYSO
CYO
CYOJ
CYOK
CYOC
CYOY
CYOI
CYOT
CYOH
CYOE
CYOS
CYOO
CI
CIJ
CIJJ
CIJK
CIJC
CIJY
CIJI
CIJT
CIJH
CIJE
CIJS
CIJO
CIK
CIKJ
CIKK
CIKC
CIKY
CIKI
CIKT
CIKH
CIKE
CIKS
CIKO
CIC
CICJ
CICK
CICC
CICY
CICI
CICT
CICH
CICE
CICS
CICO
CIY
CIYJ
CIYK
CIYC
CIYY
CIYI
CIYT
CIYH
CIYE
CIYS
CIYO
CII
CIIJ
CIIK
CIIC
CIIY
CIII
CIIT
CIIH
CIIE
CIIS
CIIO
CIT
CITJ
CITK
CITC
CITY
CITI
CITT
CITH
CITE
CITS
CITO
CIH
CIHJ
CIHK
CIHC
CIHY
CIHI
CIHT
CIHH
CIHE
CIHS
CIHO
CIE
CIEJ
CIEK
CIEC
CIEY
CIEI
CIET
CIEH
CIEE
CIES
CIEO
CIS
CISJ
CISK
CISC
CISY
CISI
CIST
CISH
CISE
CISS
CISO
CIO
CIOJ
CIOK
CIOC
CIOY
CIOI
CIOT
CIOH
CIOE
CIOS
CIOO
CT
CTJ
CTJJ
CTJK
CTJC
CTJY
CTJI
CTJT
CTJH
CTJE
CTJS
CTJO
CTK
CTKJ
CTKK
CTKC
CTKY
CTKI
CTKT
CTKH
CTKE
CTKS
CTKO
CTC
CTCJ
CTCK
CTCC
CTCY
CTCI
CTCT
CTCH
CTCE
CTCS
CTCO
CTY
CTYJ
CTYK
CTYC
CTYY
CTYI
CTYT
CTYH
CTYE
CTYS
CTYO
CTI
CTIJ
CTIK
CTIC
CTIY
CTII
CTIT
CTIH
CTIE
CTIS
CTIO
CTT
CTTJ
CTTK
CTTC
CTTY
CTTI
CTTT
CTTH
CTTE
CTTS
CTTO
CTH
CTHJ
CTHK
CTHC
CTHY
CTHI
CTHT
CTHH
CTHE
CTHS
CTHO
CTE
CTEJ
CTEK
CTEC
CTEY
CTEI
CTET
CTEH
CTEE
CTES
CTEO
CTS
CTSJ
CTSK
CTSC
CTSY
CTSI
CTST
CTSH
CTSE
CTSS
CTSO
CTO
CTOJ
CTOK
CTOC
CTOY
CTOI
CTOT
CTOH
CTOE
CTOS
CTOO
CH
CHJ
CHJJ
CHJK
CHJC
CHJY
CHJI
CHJT
CHJH
CHJE
CHJS
CHJO
CHK
CHKJ
CHKK
CHKC
CHKY
CHKI
CHKT
CHKH
CHKE
CHKS
CHKO
CHC
CHCJ
CHCK
CHCC
CHCY
CHCI
CHCT
CHCH
CHCE
CHCS
CHCO
CHY
CHYJ
CHYK
CHYC
CHYY
CHYI
CHYT
CHYH
CHYE
CHYS
CHYO
CHI
CHIJ
CHIK
CHIC
CHIY
CHII
CHIT
CHIH
CHIE
CHIS
CHIO
CHT
CHTJ
CHTK
CHTC
CHTY
CHTI
CHTT
CHTH
CHTE
CHTS
CHTO
CHH
CHHJ
CHHK
CHHC
CHHY
CHHI
CHHT
CHHH
CHHE
CHHS
CHHO
CHE
CHEJ
CHEK
CHEC
CHEY
CHEI
CHET
CHEH
CHEE
CHES
CHEO
CHS
CHSJ
CHSK
CHSC
CHSY
CHSI
CHST
CHSH
CHSE
CHSS
CHSO
CHO
CHOJ
CHOK
CHOC
CHOY
CHOI
CHOT
CHOH
CHOE
CHOS
CHOO
CE
CEJ
CEJJ
CEJK
CEJC
CEJY
CEJI
CEJT
CEJH
CEJE
CEJS
CEJO
CEK
CEKJ
CEKK
CEKC
CEKY
CEKI
CEKT
CEKH
CEKE
CEKS
CEKO
CEC
CECJ
CECK
CECC
CECY
CECI
CECT
CECH
CECE
CECS
CECO
CEY
CEYJ
CEYK
CEYC
CEYY
CEYI
CEYT
CEYH
CEYE
CEYS
CEYO
CEI
CEIJ
CEIK
CEIC
CEIY
CEII
CEIT
CEIH
CEIE
CEIS
CEIO
CET
CETJ
CETK
CETC
CETY
CETI
CETT
CETH
CETE
CETS
CETO
CEH
CEHJ
CEHK
CEHC
CEHY
CEHI
CEHT
CEHH
CEHE
CEHS
CEHO
CEE
CEEJ
CEEK
CEEC
CEEY
CEEI
CEET
CEEH
CEEE
CEES
CEEO
CES
CESJ
CESK
CESC
CESY
CESI
CEST
CESH
CESE
CESS
CESO
CEO
CEOJ
CEOK
CEOC
CEOY
CEOI
CEOT
CEOH
CEOE
CEOS
CEOO
CS
CSJ
CSJJ
CSJK
CSJC
CSJY
CSJI
CSJT
CSJH
CSJE
CSJS
CSJO
CSK
CSKJ
CSKK
CSKC
CSKY
CSKI
CSKT
CSKH
CSKE
CSKS
CSKO
CSC
CSCJ
CSCK
CSCC
CSCY
CSCI
CSCT
CSCH
CSCE
CSCS
CSCO
CSY
CSYJ
CSYK
CSYC
CSYY
CSYI
CSYT
CSYH
CSYE
CSYS
CSYO
CSI
CSIJ
CSIK
CSIC
CSIY
CSII
CSIT
CSIH
CSIE
CSIS
CSIO
CST
CSTJ
CSTK
CSTC
CSTY
CSTI
CSTT
CSTH
CSTE
CSTS
CSTO
CSH
CSHJ
CSHK
CSHC
CSHY
CSHI
CSHT
CSHH
CSHE
CSHS
CSHO
CSE
CSEJ
CSEK
CSEC
CSEY
CSEI
CSET
CSEH
CSEE
CSES
CSEO
CSS
CSSJ
CSSK
CSSC
CSSY
CSSI
CSST
CSSH
CSSE
CSSS
CSSO
CSO
CSOJ
CSOK
CSOC
CSOY
CSOI
CSOT
CSOH
CSOE
CSOS
CSOO
CO
COJ
COJJ
COJK
COJC
COJY
COJI
COJT
COJH
COJE
COJS
COJO
COK
COKJ
COKK
COKC
COKY
COKI
COKT
COKH
COKE
COKS
COKO
COC
COCJ
COCK
COCC
COCY
COCI
COCT
COCH
COCE
COCS
COCO
COY
COYJ
COYK
COYC
COYY
COYI
COYT
COYH
COYE
COYS
COYO
COI
COIJ
COIK
COIC
COIY
COII
COIT
COIH
COIE
COIS
COIO
COT
COTJ
COTK
COTC
COTY
COTI
COTT
COTH
COTE
COTS
COTO
COH
COHJ
COHK
COHC
COHY
COHI
COHT
COHH
COHE
COHS
COHO
COE
COEJ
COEK
COEC
COEY
COEI
COET
COEH
COEE
COES
COEO
COS
COSJ
COSK
COSC
COSY
COSI
COST
COSH
COSE
COSS
COSO
COO
COOJ
COOK
COOC
COOY
COOI
COOT
COOH
COOE
COOS
COOO
Y
YJ
YJJ
YJJJ
YJJK
YJJC
YJJY
YJJI
YJJT
YJJH
YJJE
YJJS
YJJO
YJK
YJKJ
YJKK
YJKC
YJKY
YJKI
YJKT
YJKH
YJKE
YJKS
YJKO
YJC
YJCJ
YJCK
YJCC
YJCY
YJCI
YJCT
YJCH
YJCE
YJCS
YJCO
YJY
YJYJ
YJYK
YJYC
YJYY
YJYI
YJYT
YJYH
YJYE
YJYS
YJYO
YJI
YJIJ
YJIK
YJIC
YJIY
YJII
YJIT
YJIH
YJIE
YJIS
YJIO
YJT
YJTJ
YJTK
YJTC
YJTY
YJTI
YJTT
YJTH
YJTE
YJTS
YJTO
YJH
YJHJ
YJHK
YJHC
YJHY
YJHI
YJHT
YJHH
YJHE
YJHS
YJHO
YJE
YJEJ
YJEK
YJEC
YJEY
YJEI
YJET
YJEH
YJEE
YJES
YJEO
YJS
YJSJ
YJSK
YJSC
YJSY
YJSI
YJST
YJSH
YJSE
YJSS
YJSO
YJO
YJOJ
YJOK
YJOC
YJOY
YJOI
YJOT
YJOH
YJOE
YJOS
YJOO
YK
YKJ
YKJJ
YKJK
YKJC
YKJY
YKJI
YKJT
YKJH
YKJE
YKJS
YKJO
YKK
YKKJ
YKKK
YKKC
YKKY
YKKI
YKKT
YKKH
YKKE
YKKS
YKKO
YKC
YKCJ
YKCK
YKCC
YKCY
YKCI
YKCT
YKCH
YKCE
YKCS
YKCO
YKY
YKYJ
YKYK
YKYC
YKYY
YKYI
YKYT
YKYH
YKYE
YKYS
YKYO
YKI
YKIJ
YKIK
YKIC
YKIY
YKII
YKIT
YKIH
YKIE
YKIS
YKIO
YKT
YKTJ
YKTK
YKTC
YKTY
YKTI
YKTT
YKTH
YKTE
YKTS
YKTO
YKH
YKHJ
YKHK
YKHC
YKHY
YKHI
YKHT
YKHH
YKHE
YKHS
YKHO
YKE
YKEJ
YKEK
YKEC
YKEY
YKEI
YKET
YKEH
YKEE
YKES
YKEO
YKS
YKSJ
YKSK
YKSC
YKSY
YKSI
YKST
YKSH
YKSE
YKSS
YKSO
YKO
YKOJ
YKOK
YKOC
YKOY
YKOI
YKOT
YKOH
YKOE
YKOS
YKOO
YC
YCJ
YCJJ
YCJK
YCJC
YCJY
YCJI
YCJT
YCJH
YCJE
YCJS
YCJO
YCK
YCKJ
YCKK
YCKC
YCKY
YCKI
YCKT
YCKH
YCKE
YCKS
YCKO
YCC
YCCJ
YCCK
YCCC
YCCY
YCCI
YCCT
YCCH
YCCE
YCCS
YCCO
YCY
YCYJ
YCYK
YCYC
YCYY
YCYI
YCYT
YCYH
YCYE
YCYS
YCYO
YCI
YCIJ
YCIK
YCIC
YCIY
YCII
YCIT
YCIH
YCIE
YCIS
YCIO
YCT
YCTJ
YCTK
YCTC
YCTY
YCTI
YCTT
YCTH
YCTE
YCTS
YCTO
YCH
YCHJ
YCHK
YCHC
YCHY
YCHI
YCHT
YCHH
YCHE
YCHS
YCHO
YCE
YCEJ
YCEK
YCEC
YCEY
YCEI
YCET
YCEH
YCEE
YCES
YCEO
YCS
YCSJ
YCSK
YCSC
YCSY
YCSI
YCST
YCSH
YCSE
YCSS
YCSO
YCO
YCOJ
YCOK
YCOC
YCOY
YCOI
YCOT
YCOH
YCOE
YCOS
YCOO
YY
YYJ
YYJJ
YYJK
YYJC
YYJY
YYJI
YYJT
YYJH
YYJE
YYJS
YYJO
YYK
YYKJ
YYKK
YYKC
YYKY
YYKI
YYKT
YYKH
YYKE
YYKS
YYKO
YYC
YYCJ
YYCK
YYCC
YYCY
YYCI
YYCT
YYCH
YYCE
YYCS
YYCO
YYY
YYYJ
YYYK
YYYC
YYYY
YYYI
YYYT
YYYH
YYYE
YYYS
YYYO
YYI
YYIJ
YYIK
YYIC
YYIY
YYII
YYIT
YYIH
YYIE
YYIS
YYIO
YYT
YYTJ
YYTK
YYTC
YYTY
YYTI
YYTT
YYTH
YYTE
YYTS
YYTO
YYH
YYHJ
YYHK
YYHC
YYHY
YYHI
YYHT
YYHH
YYHE
YYHS
YYHO
YYE
YYEJ
YYEK
YYEC
YYEY
YYEI
YYET
YYEH
YYEE
YYES
YYEO
YYS
YYSJ
YYSK
YYSC
YYSY
YYSI
YYST
YYSH
YYSE
YYSS
YYSO
YYO
YYOJ
YYOK
YYOC
YYOY
YYOI
YYOT
YYOH
YYOE
YYOS
YYOO
YI
YIJ
YIJJ
YIJK
YIJC
YIJY
YIJI
YIJT
YIJH
YIJE
YIJS
YIJO
YIK
YIKJ
YIKK
YIKC
YIKY
YIKI
YIKT
YIKH
YIKE
YIKS
YIKO
YIC
YICJ
YICK
YICC
YICY
YICI
YICT
YICH
YICE
YICS
YICO
YIY
YIYJ
YIYK
YIYC
YIYY
YIYI
YIYT
YIYH
YIYE
YIYS
YIYO
YII
YIIJ
YIIK
YIIC
YIIY
YIII
YIIT
YIIH
YIIE
YIIS
YIIO
YIT
YITJ
YITK
YITC
YITY
YITI
YITT
YITH
YITE
YITS
YITO
YIH
YIHJ
YIHK
YIHC
YIHY
YIHI
YIHT
YIHH
YIHE
YIHS
YIHO
YIE
YIEJ
YIEK
YIEC
YIEY
YIEI
YIET
YIEH
YIEE
YIES
YIEO
YIS
YISJ
YISK
YISC
YISY
YISI
YIST
YISH
YISE
YISS
YISO
YIO
YIOJ
YIOK
YIOC
YIOY
YIOI
YIOT
YIOH
YIOE
YIOS
YIOO
YT
YTJ
YTJJ
YTJK
YTJC
YTJY
YTJI
YTJT
YTJH
YTJE
YTJS
YTJO
YTK
YTKJ
YTKK
YTKC
YTKY
YTKI
YTKT
YTKH
YTKE
YTKS
YTKO
YTC
YTCJ
YTCK
YTCC
YTCY
YTCI
YTCT
YTCH
YTCE
YTCS
YTCO
YTY
YTYJ
YTYK
YTYC
YTYY
YTYI
YTYT
YTYH
YTYE
YTYS
YTYO
YTI
YTIJ
YTIK
YTIC
YTIY
YTII
YTIT
YTIH
YTIE
YTIS
YTIO
YTT
YTTJ
YTTK
YTTC
YTTY
YTTI
YTTT
YTTH
YTTE
YTTS
YTTO
YTH
YTHJ
YTHK
YTHC
YTHY
YTHI
YTHT
YTHH
YTHE
YTHS
YTHO
YTE
YTEJ
YTEK
YTEC
YTEY
YTEI
YTET
YTEH
YTEE
YTES
YTEO
YTS
YTSJ
YTSK
YTSC
YTSY
YTSI
YTST
YTSH
YTSE
YTSS
YTSO
YTO
YTOJ
YTOK
YTOC
YTOY
YTOI
YTOT
YTOH
YTOE
YTOS
YTOO
YH
YHJ
YHJJ
YHJK
YHJC
YHJY
YHJI
YHJT
YHJH
YHJE
YHJS
YHJO
YHK
YHKJ
YHKK
YHKC
YHKY
YHKI
YHKT
YHKH
YHKE
YHKS
YHKO
YHC
YHCJ
YHCK
YHCC
YHCY
YHCI
YHCT
YHCH
YHCE
YHCS
YHCO
YHY
YHYJ
YHYK
YHYC
YHYY
YHYI
YHYT
YHYH
YHYE
YHYS
YHYO
YHI
YHIJ
YHIK
YHIC
YHIY
YHII
YHIT
YHIH
YHIE
YHIS
YHIO
YHT
YHTJ
YHTK
YHTC
YHTY
YHTI
YHTT
YHTH
YHTE
YHTS
YHTO
YHH
YHHJ
YHHK
YHHC
YHHY
YHHI
YHHT
YHHH
YHHE
YHHS
YHHO
YHE
YHEJ
YHEK
YHEC
YHEY
YHEI
YHET
YHEH
YHEE
YHES
YHEO
YHS
YHSJ
YHSK
YHSC
YHSY
YHSI
YHST
YHSH
YHSE
YHSS
YHSO
YHO
YHOJ
YHOK
YHOC
YHOY
YHOI
YHOT
YHOH
YHOE
YHOS
YHOO
YE
YEJ
YEJJ
YEJK
YEJC
YEJY
YEJI
YEJT
YEJH
YEJE
YEJS
YEJO
YEK
YEKJ
YEKK
YEKC
YEKY
YEKI
YEKT
YEKH
YEKE
YEKS
YEKO
YEC
YECJ
YECK
YECC
YECY
YECI
YECT
YECH
YECE
YECS
YECO
YEY
YEYJ
YEYK
YEYC
YEYY
YEYI
YEYT
YEYH
YEYE
YEYS
YEYO
YEI
YEIJ
YEIK
YEIC
YEIY
YEII
YEIT
YEIH
YEIE
YEIS
YEIO
YET
YETJ
YETK
YETC
YETY
YETI
YETT
YETH
YETE
YETS
YETO
YEH
YEHJ
YEHK
YEHC
YEHY
YEHI
YEHT
YEHH
YEHE
YEHS
YEHO
YEE
YEEJ
YEEK
YEEC
YEEY
YEEI
YEET
YEEH
YEEE
YEES
YEEO
YES
YESJ
YESK
YESC
YESY
YESI
YEST
YESH
YESE
YESS
YESO
YEO
YEOJ
YEOK
YEOC
YEOY
YEOI
YEOT
YEOH
YEOE
YEOS
YEOO
YS
YSJ
YSJJ
YSJK
YSJC
YSJY
YSJI
YSJT
YSJH
YSJE
YSJS
YSJO
YSK
YSKJ
YSKK
YSKC
YSKY
YSKI
YSKT
YSKH
YSKE
YSKS
YSKO
YSC
YSCJ
YSCK
YSCC
YSCY
YSCI
YSCT
YSCH
YSCE
YSCS
YSCO
YSY
YSYJ
YSYK
YSYC
YSYY
YSYI
YSYT
YSYH
YSYE
YSYS
YSYO
YSI
YSIJ
YSIK
YSIC
YSIY
YSII
YSIT
YSIH
YSIE
YSIS
YSIO
YST
YSTJ
YSTK
YSTC
YSTY
YSTI
YSTT
YSTH
YSTE
YSTS
YSTO
YSH
YSHJ
YSHK
YSHC
YSHY
YSHI
YSHT
YSHH
YSHE
YSHS
YSHO
YSE
YSEJ
YSEK
YSEC
YSEY
YSEI
YSET
YSEH
YSEE
YSES
YSEO
YSS
YSSJ
YSSK
YSSC
YSSY
YSSI
YSST
YSSH
YSSE
YSSS
YSSO
YSO
YSOJ
YSOK
YSOC
YSOY
YSOI
YSOT
YSOH
YSOE
YSOS
YSOO
YO
YOJ
YOJJ
YOJK
YOJC
YOJY
YOJI
YOJT
YOJH
YOJE
YOJS
YOJO
YOK
YOKJ
YOKK
YOKC
YOKY
YOKI
YOKT
YOKH
YOKE
YOKS
YOKO
YOC
YOCJ
YOCK
YOCC
YOCY
YOCI
YOCT
YOCH
YOCE
YOCS
YOCO
YOY
YOYJ
YOYK
YOYC
YOYY
YOYI
YOYT
YOYH
YOYE
YOYS
YOYO
YOI
YOIJ
YOIK
YOIC
YOIY
YOII
YOIT
YOIH
YOIE
YOIS
YOIO
YOT
YOTJ
YOTK
YOTC
YOTY
YOTI
YOTT
YOTH
YOTE
YOTS
YOTO
YOH
YOHJ
YOHK
YOHC
YOHY
YOHI
YOHT
YOHH
YOHE
YOHS
YOHO
YOE
YOEJ
YOEK
YOEC
YOEY
YOEI
YOET
YOEH
YOEE
YOES
YOEO
YOS
YOSJ
YOSK
YOSC
YOSY
YOSI
YOST
YOSH
YOSE
YOSS
YOSO
YOO
YOOJ
YOOK
YOOC
YOOY
YOOI
YOOT
YOOH
YOOE
YOOS
YOOO
I
IJ
IJJ
IJJJ
IJJK
IJJC
IJJY
IJJI
IJJT
IJJH
IJJE
IJJS
IJJO
IJK
IJKJ
IJKK
IJKC
IJKY
IJKI
IJKT
IJKH
IJKE
IJKS
IJKO
IJC
IJCJ
IJCK
IJCC
IJCY
IJCI
IJCT
IJCH
IJCE
IJCS
IJCO
IJY
IJYJ
IJYK
IJYC
IJYY
IJYI
IJYT
IJYH
IJYE
IJYS
IJYO
IJI
IJIJ
IJIK
IJIC
IJIY
IJII
IJIT
IJIH
IJIE
IJIS
IJIO
IJT
IJTJ
IJTK
IJTC
IJTY
IJTI
IJTT
IJTH
IJTE
IJTS
IJTO
IJH
IJHJ
IJHK
IJHC
IJHY
IJHI
IJHT
IJHH
IJHE
IJHS
IJHO
IJE
IJEJ
IJEK
IJEC
IJEY
IJEI
IJET
IJEH
IJEE
IJES
IJEO
IJS
IJSJ
IJSK
IJSC
IJSY
IJSI
IJST
IJSH
IJSE
IJSS
IJSO
IJO
IJOJ
IJOK
IJOC
IJOY
IJOI
IJOT
IJOH
IJOE
IJOS
IJOO
IK
IKJ
IKJJ
IKJK
IKJC
IKJY
IKJI
IKJT
IKJH
IKJE
IKJS
IKJO
IKK
IKKJ
IKKK
IKKC
IKKY
IKKI
IKKT
IKKH
IKKE
IKKS
IKKO
IKC
IKCJ
IKCK
IKCC
IKCY
IKCI
IKCT
IKCH
IKCE
IKCS
IKCO
IKY
IKYJ
IKYK
IKYC
IKYY
IKYI
IKYT
IKYH
IKYE
IKYS
IKYO
IKI
IKIJ
IKIK
IKIC
IKIY
IKII
IKIT
IKIH
IKIE
IKIS
IKIO
IKT
IKTJ
IKTK
IKTC
IKTY
IKTI
IKTT
IKTH
IKTE
IKTS
IKTO
IKH
IKHJ
IKHK
IKHC
IKHY
IKHI
IKHT
IKHH
IKHE
IKHS
IKHO
IKE
IKEJ
IKEK
IKEC
IKEY
IKEI
IKET
IKEH
IKEE
IKES
IKEO
IKS
IKSJ
IKSK
IKSC
IKSY
IKSI
IKST
IKSH
IKSE
IKSS
IKSO
IKO
IKOJ
IKOK
IKOC
IKOY
IKOI
IKOT
IKOH
IKOE
IKOS
IKOO
IC
ICJ
ICJJ
ICJK
ICJC
ICJY
ICJI
ICJT
ICJH
ICJE
ICJS
ICJO
ICK
ICKJ
ICKK
ICKC
ICKY
ICKI
ICKT
ICKH
ICKE
ICKS
ICKO
ICC
ICCJ
ICCK
ICCC
ICCY
ICCI
ICCT
ICCH
ICCE
ICCS
ICCO
ICY
ICYJ
ICYK
ICYC
ICYY
ICYI
ICYT
ICYH
ICYE
ICYS
ICYO
ICI
ICIJ
ICIK
ICIC
ICIY
ICII
ICIT
ICIH
ICIE
ICIS
ICIO
ICT
ICTJ
ICTK
ICTC
ICTY
ICTI
ICTT
ICTH
ICTE
ICTS
ICTO
ICH
ICHJ
ICHK
ICHC
ICHY
ICHI
ICHT
ICHH
ICHE
ICHS
ICHO
ICE
ICEJ
ICEK
ICEC
ICEY
ICEI
ICET
ICEH
ICEE
ICES
ICEO
ICS
ICSJ
ICSK
ICSC
ICSY
ICSI
ICST
ICSH
ICSE
ICSS
ICSO
ICO
ICOJ
ICOK
ICOC
ICOY
ICOI
ICOT
ICOH
ICOE
ICOS
ICOO
IY
IYJ
IYJJ
IYJK
IYJC
IYJY
IYJI
IYJT
IYJH
IYJE
IYJS
IYJO
IYK
IYKJ
IYKK
IYKC
IYKY
IYKI
IYKT
IYKH
IYKE
IYKS
IYKO
IYC
IYCJ
IYCK
IYCC
IYCY
IYCI
IYCT
IYCH
IYCE
IYCS
IYCO
IYY
IYYJ
IYYK
IYYC
IYYY
IYYI
IYYT
IYYH
IYYE
IYYS
IYYO
IYI
IYIJ
IYIK
IYIC
IYIY
IYII
IYIT
IYIH
IYIE
IYIS
IYIO
IYT
IYTJ
IYTK
IYTC
IYTY
IYTI
IYTT
IYTH
IYTE
IYTS
IYTO
IYH
IYHJ
IYHK
IYHC
IYHY
IYHI
IYHT
IYHH
IYHE
IYHS
IYHO
IYE
IYEJ
IYEK
IYEC
IYEY
IYEI
IYET
IYEH
IYEE
IYES
IYEO
IYS
IYSJ
IYSK
IYSC
IYSY
IYSI
IYST
IYSH
IYSE
IYSS
IYSO
IYO
IYOJ
IYOK
IYOC
IYOY
IYOI
IYOT
IYOH
IYOE
IYOS
IYOO
II
IIJ
IIJJ
IIJK
IIJC
IIJY
IIJI
IIJT
IIJH
IIJE
IIJS
IIJO
IIK
IIKJ
IIKK
IIKC
IIKY
IIKI
IIKT
IIKH
IIKE
IIKS
IIKO
IIC
IICJ
IICK
IICC
IICY
IICI
IICT
IICH
IICE
IICS
IICO
IIY
IIYJ
IIYK
IIYC
IIYY
IIYI
IIYT
IIYH
IIYE
IIYS
IIYO
III
IIIJ
IIIK
IIIC
IIIY
IIII
IIIT
IIIH
IIIE
IIIS
IIIO
IIT
IITJ
IITK
IITC
IITY
IITI
IITT
IITH
IITE
IITS
IITO
IIH
IIHJ
IIHK
IIHC
IIHY
IIHI
IIHT
IIHH
IIHE
IIHS
IIHO
IIE
IIEJ
IIEK
IIEC
IIEY
IIEI
IIET
IIEH
IIEE
IIES
IIEO
IIS
IISJ
IISK
IISC
IISY
IISI
IIST
IISH
IISE
IISS
IISO
IIO
IIOJ
IIOK
IIOC
IIOY
IIOI
IIOT
IIOH
IIOE
IIOS
IIOO
IT
ITJ
ITJJ
ITJK
ITJC
ITJY
ITJI
ITJT
ITJH
ITJE
ITJS
ITJO
ITK
ITKJ
ITKK
ITKC
ITKY
ITKI
ITKT
ITKH
ITKE
ITKS
ITKO
ITC
ITCJ
ITCK
ITCC
ITCY
ITCI
ITCT
ITCH
ITCE
ITCS
ITCO
ITY
ITYJ
ITYK
ITYC
ITYY
ITYI
ITYT
ITYH
ITYE
ITYS
ITYO
ITI
ITIJ
ITIK
ITIC
ITIY
ITII
ITIT
ITIH
ITIE
ITIS
ITIO
ITT
ITTJ
ITTK
ITTC
ITTY
ITTI
ITTT
ITTH
ITTE
ITTS
ITTO
ITH
ITHJ
ITHK
ITHC
ITHY
ITHI
ITHT
ITHH
ITHE
ITHS
ITHO
ITE
ITEJ
ITEK
ITEC
ITEY
ITEI
ITET
ITEH
ITEE
ITES
ITEO
ITS
ITSJ
ITSK
ITSC
ITSY
ITSI
ITST
ITSH
ITSE
ITSS
ITSO
ITO
ITOJ
ITOK
ITOC
ITOY
ITOI
ITOT
ITOH
ITOE
ITOS
ITOO
IH
IHJ
IHJJ
IHJK
IHJC
IHJY
IHJI
IHJT
IHJH
IHJE
IHJS
IHJO
IHK
IHKJ
IHKK
IHKC
IHKY
IHKI
IHKT
IHKH
IHKE
IHKS
IHKO
IHC
IHCJ
IHCK
IHCC
IHCY
IHCI
IHCT
IHCH
IHCE
IHCS
IHCO
IHY
IHYJ
IHYK
IHYC
IHYY
IHYI
IHYT
IHYH
IHYE
IHYS
IHYO
IHI
IHIJ
IHIK
IHIC
IHIY
IHII
IHIT
IHIH
IHIE
IHIS
IHIO
IHT
IHTJ
IHTK
IHTC
IHTY
IHTI
IHTT
IHTH
IHTE
IHTS
IHTO
IHH
IHHJ
IHHK
IHHC
IHHY
IHHI
IHHT
IHHH
IHHE
IHHS
IHHO
IHE
IHEJ
IHEK
IHEC
IHEY
IHEI
IHET
IHEH
IHEE
IHES
IHEO
IHS
IHSJ
IHSK
IHSC
IHSY
IHSI
IHST
IHSH
IHSE
IHSS
IHSO
IHO
IHOJ
IHOK
IHOC
IHOY
IHOI
IHOT
IHOH
IHOE
IHOS
IHOO
IE
IEJ
IEJJ
IEJK
IEJC
IEJY
IEJI
IEJT
IEJH
IEJE
IEJS
IEJO
IEK
IEKJ
IEKK
IEKC
IEKY
IEKI
IEKT
IEKH
IEKE
IEKS
IEKO
IEC
IECJ
IECK
IECC
IECY
IECI
IECT
IECH
IECE
IECS
IECO
IEY
IEYJ
IEYK
IEYC
IEYY
IEYI
IEYT
IEYH
IEYE
IEYS
IEYO
IEI
IEIJ
IEIK
IEIC
IEIY
IEII
IEIT
IEIH
IEIE
IEIS
IEIO
IET
IETJ
IETK
IETC
IETY
IETI
IETT
IETH
IETE
IETS
IETO
IEH
IEHJ
IEHK
IEHC
IEHY
IEHI
IEHT
IEHH
IEHE
IEHS
IEHO
IEE
IEEJ
IEEK
IEEC
IEEY
IEEI
IEET
IEEH
IEEE
IEES
IEEO
IES
IESJ
IESK
IESC
IESY
IESI
IEST
IESH
IESE
IESS
IESO
IEO
IEOJ
IEOK
IEOC
IEOY
IEOI
IEOT
IEOH
IEOE
IEOS
IEOO
IS
ISJ
ISJJ
ISJK
ISJC
ISJY
ISJI
ISJT
ISJH
ISJE
ISJS
ISJO
ISK
ISKJ
ISKK
ISKC
ISKY
ISKI
ISKT
ISKH
ISKE
ISKS
ISKO
ISC
ISCJ
ISCK
ISCC
ISCY
ISCI
ISCT
ISCH
ISCE
ISCS
ISCO
ISY
ISYJ
ISYK
ISYC
ISYY
ISYI
ISYT
ISYH
ISYE
ISYS
ISYO
ISI
ISIJ
ISIK
ISIC
ISIY
ISII
ISIT
ISIH
ISIE
ISIS
ISIO
IST
ISTJ
ISTK
ISTC
ISTY
ISTI
ISTT
ISTH
ISTE
ISTS
ISTO
ISH
ISHJ
ISHK
ISHC
ISHY
ISHI
ISHT
ISHH
ISHE
ISHS
ISHO
ISE
ISEJ
ISEK
ISEC
ISEY
ISEI
ISET
ISEH
ISEE
ISES
ISEO
ISS
ISSJ
ISSK
ISSC
ISSY
ISSI
ISST
ISSH
ISSE
ISSS
ISSO
ISO
ISOJ
ISOK
ISOC
ISOY
ISOI
ISOT
ISOH
ISOE
ISOS
ISOO
IO
IOJ
IOJJ
IOJK
IOJC
IOJY
IOJI
IOJT
IOJH
IOJE
IOJS
IOJO
IOK
IOKJ
IOKK
IOKC
IOKY
IOKI
IOKT
IOKH
IOKE
IOKS
IOKO
IOC
IOCJ
IOCK
IOCC
IOCY
IOCI
IOCT
IOCH
IOCE
IOCS
IOCO
IOY
IOYJ
IOYK
IOYC
IOYY
IOYI
IOYT
IOYH
IOYE
IOYS
IOYO
IOI
IOIJ
IOIK
IOIC
IOIY
IOII
IOIT
IOIH
IOIE
IOIS
IOIO
IOT
IOTJ
IOTK
IOTC
IOTY
IOTI
IOTT
IOTH
IOTE
IOTS
IOTO
IOH
IOHJ
IOHK
IOHC
IOHY
IOHI
IOHT
IOHH
IOHE
IOHS
IOHO
IOE
IOEJ
IOEK
IOEC
IOEY
IOEI
IOET
IOEH
IOEE
IOES
IOEO
IOS
IOSJ
IOSK
IOSC
IOSY
IOSI
IOST
IOSH
IOSE
IOSS
IOSO
IOO
IOOJ
IOOK
IOOC
IOOY
IOOI
IOOT
IOOH
IOOE
IOOS
IOOO
T
TJ
TJJ
TJJJ
TJJK
TJJC
TJJY
TJJI
TJJT
TJJH
TJJE
TJJS
TJJO
TJK
TJKJ
TJKK
TJKC
TJKY
TJKI
TJKT
TJKH
TJKE
TJKS
TJKO
TJC
TJCJ
TJCK
TJCC
TJCY
TJCI
TJCT
TJCH
TJCE
TJCS
TJCO
TJY
TJYJ
TJYK
TJYC
TJYY
TJYI
TJYT
TJYH
TJYE
TJYS
TJYO
TJI
TJIJ
TJIK
TJIC
TJIY
TJII
TJIT
TJIH
TJIE
TJIS
TJIO
TJT
TJTJ
TJTK
TJTC
TJTY
TJTI
TJTT
TJTH
TJTE
TJTS
TJTO
TJH
TJHJ
TJHK
TJHC
TJHY
TJHI
TJHT
TJHH
TJHE
TJHS
TJHO
TJE
TJEJ
TJEK
TJEC
TJEY
TJEI
TJET
TJEH
TJEE
TJES
TJEO
TJS
TJSJ
TJSK
TJSC
TJSY
TJSI
TJST
TJSH
TJSE
TJSS
TJSO
TJO
TJOJ
TJOK
TJOC
TJOY
TJOI
TJOT
TJOH
TJOE
TJOS
TJOO
TK
TKJ
TKJJ
TKJK
TKJC
TKJY
TKJI
TKJT
TKJH
TKJE
TKJS
TKJO
TKK
TKKJ
TKKK
TKKC
TKKY
TKKI
TKKT
TKKH
TKKE
TKKS
TKKO
TKC
TKCJ
TKCK
TKCC
TKCY
TKCI
TKCT
TKCH
TKCE
TKCS
TKCO
TKY
TKYJ
TKYK
TKYC
TKYY
TKYI
TKYT
TKYH
TKYE
TKYS
TKYO
TKI
TKIJ
TKIK
TKIC
TKIY
TKII
TKIT
TKIH
TKIE
TKIS
TKIO
TKT
TKTJ
TKTK
TKTC
TKTY
TKTI
TKTT
TKTH
TKTE
TKTS
TKTO
TKH
TKHJ
TKHK
TKHC
TKHY
TKHI
TKHT
TKHH
TKHE
TKHS
TKHO
TKE
TKEJ
TKEK
TKEC
TKEY
TKEI
TKET
TKEH
TKEE
TKES
TKEO
TKS
TKSJ
TKSK
TKSC
TKSY
TKSI
TKST
TKSH
TKSE
TKSS
TKSO
TKO
TKOJ
TKOK
TKOC
TKOY
TKOI
TKOT
TKOH
TKOE
TKOS
TKOO
TC
TCJ
TCJJ
TCJK
TCJC
TCJY
TCJI
TCJT
TCJH
TCJE
TCJS
TCJO
TCK
TCKJ
TCKK
TCKC
TCKY
TCKI
TCKT
TCKH
TCKE
TCKS
TCKO
TCC
TCCJ
TCCK
TCCC
TCCY
TCCI
TCCT
TCCH
TCCE
TCCS
TCCO
TCY
TCYJ
TCYK
TCYC
TCYY
TCYI
TCYT
TCYH
TCYE
TCYS
TCYO
TCI
TCIJ
TCIK
TCIC
TCIY
TCII
TCIT
TCIH
TCIE
TCIS
TCIO
TCT
TCTJ
TCTK
TCTC
TCTY
TCTI
TCTT
TCTH
TCTE
TCTS
TCTO
TCH
TCHJ
TCHK
TCHC
TCHY
TCHI
TCHT
TCHH
TCHE
TCHS
TCHO
TCE
TCEJ
TCEK
TCEC
TCEY
TCEI
TCET
TCEH
TCEE
TCES
TCEO
TCS
TCSJ
TCSK
TCSC
TCSY
TCSI
TCST
TCSH
TCSE
TCSS
TCSO
TCO
TCOJ
TCOK
TCOC
TCOY
TCOI
TCOT
TCOH
TCOE
TCOS
TCOO
TY
TYJ
TYJJ
TYJK
TYJC
TYJY
TYJI
TYJT
TYJH
TYJE
TYJS
TYJO
TYK
TYKJ
TYKK
TYKC
TYKY
TYKI
TYKT
TYKH
TYKE
TYKS
TYKO
TYC
TYCJ
TYCK
TYCC
TYCY
TYCI
TYCT
TYCH
TYCE
TYCS
TYCO
TYY
TYYJ
TYYK
TYYC
TYYY
TYYI
TYYT
TYYH
TYYE
TYYS
TYYO
TYI
TYIJ
TYIK
TYIC
TYIY
TYII
TYIT
TYIH
TYIE
TYIS
TYIO
TYT
TYTJ
TYTK
TYTC
TYTY
TYTI
TYTT
TYTH
TYTE
TYTS
TYTO
TYH
TYHJ
TYHK
TYHC
TYHY
TYHI
TYHT
TYHH
TYHE
TYHS
TYHO
TYE
TYEJ
TYEK
TYEC
TYEY
TYEI
TYET
TYEH
TYEE
TYES
TYEO
TYS
TYSJ
TYSK
TYSC
TYSY
TYSI
TYST
TYSH
TYSE
TYSS
TYSO
TYO
TYOJ
TYOK
TYOC
TYOY
TYOI
TYOT
TYOH
TYOE
TYOS
TYOO
TI
TIJ
TIJJ
TIJK
TIJC
TIJY
TIJI
TIJT
TIJH
TIJE
TIJS
TIJO
TIK
TIKJ
TIKK
TIKC
TIKY
TIKI
TIKT
TIKH
TIKE
TIKS
TIKO
TIC
TICJ
TICK
TICC
TICY
TICI
TICT
TICH
TICE
TICS
TICO
TIY
TIYJ
TIYK
TIYC
TIYY
TIYI
TIYT
TIYH
TIYE
TIYS
TIYO
TII
TIIJ
TIIK
TIIC
TIIY
TIII
TIIT
TIIH
TIIE
TIIS
TIIO
TIT
TITJ
TITK
TITC
TITY
TITI
TITT
TITH
TITE
TITS
TITO
TIH
TIHJ
TIHK
TIHC
TIHY
TIHI
TIHT
TIHH
TIHE
TIHS
TIHO
TIE
TIEJ
TIEK
TIEC
TIEY
TIEI
TIET
TIEH
TIEE
TIES
TIEO
TIS
TISJ
TISK
TISC
TISY
TISI
TIST
TISH
TISE
TISS
TISO
TIO
TIOJ
TIOK
TIOC
TIOY
TIOI
TIOT
TIOH
TIOE
TIOS
TIOO
TT
TTJ
TTJJ
TTJK
TTJC
TTJY
TTJI
TTJT
TTJH
TTJE
TTJS
TTJO
TTK
TTKJ
TTKK
TTKC
TTKY
TTKI
TTKT
TTKH
TTKE
TTKS
TTKO
TTC
TTCJ
TTCK
TTCC
TTCY
TTCI
TTCT
TTCH
TTCE
TTCS
TTCO
TTY
TTYJ
TTYK
TTYC
TTYY
TTYI
TTYT
TTYH
TTYE
TTYS
TTYO
TTI
TTIJ
TTIK
TTIC
TTIY
TTII
TTIT
TTIH
TTIE
TTIS
TTIO
TTT
TTTJ
TTTK
TTTC
TTTY
TTTI
TTTT
TTTH
TTTE
TTTS
TTTO
TTH
TTHJ
TTHK
TTHC
TTHY
TTHI
TTHT
TTHH
TTHE
TTHS
TTHO
TTE
TTEJ
TTEK
TTEC
TTEY
TTEI
TTET
TTEH
TTEE
TTES
TTEO
TTS
TTSJ
TTSK
TTSC
TTSY
TTSI
TTST
TTSH
TTSE
TTSS
TTSO
TTO
TTOJ
TTOK
TTOC
TTOY
TTOI
TTOT
TTOH
TTOE
TTOS
TTOO
TH
THJ
THJJ
THJK
THJC
THJY
THJI
THJT
THJH
THJE
THJS
THJO
THK
THKJ
THKK
THKC
THKY
THKI
THKT
THKH
THKE
THKS
THKO
THC
THCJ
THCK
THCC
THCY
THCI
THCT
THCH
THCE
THCS
THCO
THY
THYJ
THYK
THYC
THYY
THYI
THYT
THYH
THYE
THYS
THYO
THI
THIJ
THIK
THIC
THIY
THII
THIT
THIH
THIE
THIS
THIO
THT
THTJ
THTK
THTC
THTY
THTI
THTT
THTH
THTE
THTS
THTO
THH
THHJ
THHK
THHC
THHY
THHI
THHT
THHH
THHE
THHS
THHO
THE
THEJ
THEK
THEC
THEY
THEI
THET
THEH
THEE
THES
THEO
THS
THSJ
THSK
THSC
THSY
THSI
THST
THSH
THSE
THSS
THSO
THO
THOJ
THOK
THOC
THOY
THOI
THOT
THOH
THOE
THOS
THOO
TE
TEJ
TEJJ
TEJK
TEJC
TEJY
TEJI
TEJT
TEJH
TEJE
TEJS
TEJO
TEK
TEKJ
TEKK
TEKC
TEKY
TEKI
TEKT
TEKH
TEKE
TEKS
TEKO
TEC
TECJ
TECK
TECC
TECY
TECI
TECT
TECH
TECE
TECS
TECO
TEY
TEYJ
TEYK
TEYC
TEYY
TEYI
TEYT
TEYH
TEYE
TEYS
TEYO
TEI
TEIJ
TEIK
TEIC
TEIY
TEII
TEIT
TEIH
TEIE
TEIS
TEIO
TET
TETJ
TETK
TETC
TETY
TETI
TETT
TETH
TETE
TETS
TETO
TEH
TEHJ
TEHK
TEHC
TEHY
TEHI
TEHT
TEHH
TEHE
TEHS
TEHO
TEE
TEEJ
TEEK
TEEC
TEEY
TEEI
TEET
TEEH
TEEE
TEES
TEEO
TES
TESJ
TESK
TESC
TESY
TESI
TEST
TESH
TESE
TESS
TESO
TEO
TEOJ
TEOK
TEOC
TEOY
TEOI
TEOT
TEOH
TEOE
TEOS
TEOO
TS
TSJ
TSJJ
TSJK
TSJC
TSJY
TSJI
TSJT
TSJH
TSJE
TSJS
TSJO
TSK
TSKJ
TSKK
TSKC
TSKY
TSKI
TSKT
TSKH
TSKE
TSKS
TSKO
TSC
TSCJ
TSCK
TSCC
TSCY
TSCI
TSCT
TSCH
TSCE
TSCS
TSCO
TSY
TSYJ
TSYK
TSYC
TSYY
TSYI
TSYT
TSYH
TSYE
TSYS
TSYO
TSI
TSIJ
TSIK
TSIC
TSIY
TSII
TSIT
TSIH
TSIE
TSIS
TSIO
TST
TSTJ
TSTK
TSTC
TSTY
TSTI
TSTT
TSTH
TSTE
TSTS
TSTO
TSH
TSHJ
TSHK
TSHC
TSHY
TSHI
TSHT
TSHH
TSHE
TSHS
TSHO
TSE
TSEJ
TSEK
TSEC
TSEY
TSEI
TSET
TSEH
TSEE
TSES
TSEO
TSS
TSSJ
TSSK
TSSC
TSSY
TSSI
TSST
TSSH
TSSE
TSSS
TSSO
TSO
TSOJ
TSOK
TSOC
TSOY
TSOI
TSOT
TSOH
TSOE
TSOS
TSOO
TO
TOJ
TOJJ
TOJK
TOJC
TOJY
TOJI
TOJT
TOJH
TOJE
TOJS
TOJO
TOK
TOKJ
TOKK
TOKC
TOKY
TOKI
TOKT
TOKH
TOKE
TOKS
TOKO
TOC
TOCJ
TOCK
TOCC
TOCY
TOCI
TOCT
TOCH
TOCE
TOCS
TOCO
TOY
TOYJ
TOYK
TOYC
TOYY
TOYI
TOYT
TOYH
TOYE
TOYS
TOYO
TOI
TOIJ
TOIK
TOIC
TOIY
TOII
TOIT
TOIH
TOIE
TOIS
TOIO
TOT
TOTJ
TOTK
TOTC
TOTY
TOTI
TOTT
TOTH
TOTE
TOTS
TOTO
TOH
TOHJ
TOHK
TOHC
TOHY
TOHI
TOHT
TOHH
TOHE
TOHS
TOHO
TOE
TOEJ
TOEK
TOEC
TOEY
TOEI
TOET
TOEH
TOEE
TOES
TOEO
TOS
TOSJ
TOSK
TOSC
TOSY
TOSI
TOST
TOSH
TOSE
TOSS
TOSO
TOO
TOOJ
TOOK
TOOC
TOOY
TOOI
TOOT
TOOH
TOOE
TOOS
TOOO
H
HJ
HJJ
HJJJ
HJJK
HJJC
HJJY
HJJI
HJJT
HJJH
HJJE
HJJS
HJJO
HJK
HJKJ
HJKK
HJKC
HJKY
HJKI
HJKT
HJKH
HJKE
HJKS
HJKO
HJC
HJCJ
HJCK
HJCC
HJCY
HJCI
HJCT
HJCH
HJCE
HJCS
HJCO
HJY
HJYJ
HJYK
HJYC
HJYY
HJYI
HJYT
HJYH
HJYE
HJYS
HJYO
HJI
HJIJ
HJIK
HJIC
HJIY
HJII
HJIT
HJIH
HJIE
HJIS
HJIO
HJT
HJTJ
HJTK
HJTC
HJTY
HJTI
HJTT
HJTH
HJTE
HJTS
HJTO
HJH
HJHJ
HJHK
HJHC
HJHY
HJHI
HJHT
HJHH
HJHE
HJHS
HJHO
HJE
HJEJ
HJEK
HJEC
HJEY
HJEI
HJET
HJEH
HJEE
HJES
HJEO
HJS
HJSJ
HJSK
HJSC
HJSY
HJSI
HJST
HJSH
HJSE
HJSS
HJSO
HJO
HJOJ
HJOK
HJOC
HJOY
HJOI
HJOT
HJOH
HJOE
HJOS
HJOO
HK
HKJ
HKJJ
HKJK
HKJC
HKJY
HKJI
HKJT
HKJH
HKJE
HKJS
HKJO
HKK
HKKJ
HKKK
HKKC
HKKY
HKKI
HKKT
HKKH
HKKE
HKKS
HKKO
HKC
HKCJ
HKCK
HKCC
HKCY
HKCI
HKCT
HKCH
HKCE
HKCS
HKCO
HKY
HKYJ
HKYK
HKYC
HKYY
HKYI
HKYT
HKYH
HKYE
HKYS
HKYO
HKI
HKIJ
HKIK
HKIC
HKIY
HKII
HKIT
HKIH
HKIE
HKIS
HKIO
HKT
HKTJ
HKTK
HKTC
HKTY
HKTI
HKTT
HKTH
HKTE
HKTS
HKTO
HKH
HKHJ
HKHK
HKHC
HKHY
HKHI
HKHT
HKHH
HKHE
HKHS
HKHO
HKE
HKEJ
HKEK
HKEC
HKEY
HKEI
HKET
HKEH
HKEE
HKES
HKEO
HKS
HKSJ
HKSK
HKSC
HKSY
HKSI
HKST
HKSH
HKSE
HKSS
HKSO
HKO
HKOJ
HKOK
HKOC
HKOY
HKOI
HKOT
HKOH
HKOE
HKOS
HKOO
HC
HCJ
HCJJ
HCJK
HCJC
HCJY
HCJI
HCJT
HCJH
HCJE
HCJS
HCJO
HCK
HCKJ
HCKK
HCKC
HCKY
HCKI
HCKT
HCKH
HCKE
HCKS
HCKO
HCC
HCCJ
HCCK
HCCC
HCCY
HCCI
HCCT
HCCH
HCCE
HCCS
HCCO
HCY
HCYJ
HCYK
HCYC
HCYY
HCYI
HCYT
HCYH
HCYE
HCYS
HCYO
HCI
HCIJ
HCIK
HCIC
HCIY
HCII
HCIT
HCIH
HCIE
HCIS
HCIO
HCT
HCTJ
HCTK
HCTC
HCTY
HCTI
HCTT
HCTH
HCTE
HCTS
HCTO
HCH
HCHJ
HCHK
HCHC
HCHY
HCHI
HCHT
HCHH
HCHE
HCHS
HCHO
HCE
HCEJ
HCEK
HCEC
HCEY
HCEI
HCET
HCEH
HCEE
HCES
HCEO
HCS
HCSJ
HCSK
HCSC
HCSY
HCSI
HCST
HCSH
HCSE
HCSS
HCSO
HCO
HCOJ
HCOK
HCOC
HCOY
HCOI
HCOT
HCOH
HCOE
HCOS
HCOO
HY
HYJ
HYJJ
HYJK
HYJC
HYJY
HYJI
HYJT
HYJH
HYJE
HYJS
HYJO
HYK
HYKJ
HYKK
HYKC
HYKY
HYKI
HYKT
HYKH
HYKE
HYKS
HYKO
HYC
HYCJ
HYCK
HYCC
HYCY
HYCI
HYCT
HYCH
HYCE
HYCS
HYCO
HYY
HYYJ
HYYK
HYYC
HYYY
HYYI
HYYT
HYYH
HYYE
HYYS
HYYO
HYI
HYIJ
HYIK
HYIC
HYIY
HYII
HYIT
HYIH
HYIE
HYIS
HYIO
HYT
HYTJ
HYTK
HYTC
HYTY
HYTI
HYTT
HYTH
HYTE
HYTS
HYTO
HYH
HYHJ
HYHK
HYHC
HYHY
HYHI
HYHT
HYHH
HYHE
HYHS
HYHO
HYE
HYEJ
HYEK
HYEC
HYEY
HYEI
HYET
HYEH
HYEE
HYES
HYEO
HYS
HYSJ
HYSK
HYSC
HYSY
HYSI
HYST
HYSH
HYSE
HYSS
HYSO
HYO
HYOJ
HYOK
HYOC
HYOY
HYOI
HYOT
HYOH
HYOE
HYOS
HYOO
HI
HIJ
HIJJ
HIJK
HIJC
HIJY
HIJI
HIJT
HIJH
HIJE
HIJS
HIJO
HIK
HIKJ
HIKK
HIKC
HIKY
HIKI
HIKT
HIKH
HIKE
HIKS
HIKO
HIC
HICJ
HICK
HICC
HICY
HICI
HICT
HICH
HICE
HICS
HICO
HIY
HIYJ
HIYK
HIYC
HIYY
HIYI
HIYT
HIYH
HIYE
HIYS
HIYO
HII
HIIJ
HIIK
HIIC
HIIY
HIII
HIIT
HIIH
HIIE
HIIS
HIIO
HIT
HITJ
HITK
HITC
HITY
HITI
HITT
HITH
HITE
HITS
HITO
HIH
HIHJ
HIHK
HIHC
HIHY
HIHI
HIHT
HIHH
HIHE
HIHS
HIHO
HIE
HIEJ
HIEK
HIEC
HIEY
HIEI
HIET
HIEH
HIEE
HIES
HIEO
HIS
HISJ
HISK
HISC
HISY
HISI
HIST
HISH
HISE
HISS
HISO
HIO
HIOJ
HIOK
HIOC
HIOY
HIOI
HIOT
HIOH
HIOE
HIOS
HIOO
HT
HTJ
HTJJ
HTJK
HTJC
HTJY
HTJI
HTJT
HTJH
HTJE
HTJS
HTJO
HTK
HTKJ
HTKK
HTKC
HTKY
HTKI
HTKT
HTKH
HTKE
HTKS
HTKO
HTC
HTCJ
HTCK
HTCC
HTCY
HTCI
HTCT
HTCH
HTCE
HTCS
HTCO
HTY
HTYJ
HTYK
HTYC
HTYY
HTYI
HTYT
HTYH
HTYE
HTYS
HTYO
HTI
HTIJ
HTIK
HTIC
HTIY
HTII
HTIT
HTIH
HTIE
HTIS
HTIO
HTT
HTTJ
HTTK
HTTC
HTTY
HTTI
HTTT
HTTH
HTTE
HTTS
HTTO
HTH
HTHJ
HTHK
HTHC
HTHY
HTHI
HTHT
HTHH
HTHE
HTHS
HTHO
HTE
HTEJ
HTEK
HTEC
HTEY
HTEI
HTET
HTEH
HTEE
HTES
HTEO
HTS
HTSJ
HTSK
HTSC
HTSY
HTSI
HTST
HTSH
HTSE
HTSS
HTSO
HTO
HTOJ
HTOK
HTOC
HTOY
HTOI
HTOT
HTOH
HTOE
HTOS
HTOO
HH
HHJ
HHJJ
HHJK
HHJC
HHJY
HHJI
HHJT
HHJH
HHJE
HHJS
HHJO
HHK
HHKJ
HHKK
HHKC
HHKY
HHKI
HHKT
HHKH
HHKE
HHKS
HHKO
HHC
HHCJ
HHCK
HHCC
HHCY
HHCI
HHCT
HHCH
HHCE
HHCS
HHCO
HHY
HHYJ
HHYK
HHYC
HHYY
HHYI
HHYT
HHYH
HHYE
HHYS
HHYO
HHI
HHIJ
HHIK
HHIC
HHIY
HHII
HHIT
HHIH
HHIE
HHIS
HHIO
HHT
HHTJ
HHTK
HHTC
HHTY
HHTI
HHTT
HHTH
HHTE
HHTS
HHTO
HHH
HHHJ
HHHK
HHHC
HHHY
HHHI
HHHT
HHHH
HHHE
HHHS
HHHO
HHE
HHEJ
HHEK
HHEC
HHEY
HHEI
HHET
HHEH
HHEE
HHES
HHEO
HHS
HHSJ
HHSK
HHSC
HHSY
HHSI
HHST
HHSH
HHSE
HHSS
HHSO
HHO
HHOJ
HHOK
HHOC
HHOY
HHOI
HHOT
HHOH
HHOE
HHOS
HHOO
HE
HEJ
HEJJ
HEJK
HEJC
HEJY
HEJI
HEJT
HEJH
HEJE
HEJS
HEJO
HEK
HEKJ
HEKK
HEKC
HEKY
HEKI
HEKT
HEKH
HEKE
HEKS
HEKO
HEC
HECJ
HECK
HECC
HECY
HECI
HECT
HECH
HECE
HECS
HECO
HEY
HEYJ
HEYK
HEYC
HEYY
HEYI
HEYT
HEYH
HEYE
HEYS
HEYO
HEI
HEIJ
HEIK
HEIC
HEIY
HEII
HEIT
HEIH
HEIE
HEIS
HEIO
HET
HETJ
HETK
HETC
HETY
HETI
HETT
HETH
HETE
HETS
HETO
HEH
HEHJ
HEHK
HEHC
HEHY
HEHI
HEHT
HEHH
HEHE
HEHS
HEHO
HEE
HEEJ
HEEK
HEEC
HEEY
HEEI
HEET
HEEH
HEEE
HEES
HEEO
HES
HESJ
HESK
HESC
HESY
HESI
HEST
HESH
HESE
HESS
HESO
HEO
HEOJ
HEOK
HEOC
HEOY
HEOI
HEOT
HEOH
HEOE
HEOS
HEOO
HS
HSJ
HSJJ
HSJK
HSJC
HSJY
HSJI
HSJT
HSJH
HSJE
HSJS
HSJO
HSK
HSKJ
HSKK
HSKC
HSKY
HSKI
HSKT
HSKH
HSKE
HSKS
HSKO
HSC
HSCJ
HSCK
HSCC
HSCY
HSCI
HSCT
HSCH
HSCE
HSCS
HSCO
HSY
HSYJ
HSYK
HSYC
HSYY
HSYI
HSYT
HSYH
HSYE
HSYS
HSYO
HSI
HSIJ
HSIK
HSIC
HSIY
HSII
HSIT
HSIH
HSIE
HSIS
HSIO
HST
HSTJ
HSTK
HSTC
HSTY
HSTI
HSTT
HSTH
HSTE
HSTS
HSTO
HSH
HSHJ
HSHK
HSHC
HSHY
HSHI
HSHT
HSHH
HSHE
HSHS
HSHO
HSE
HSEJ
HSEK
HSEC
HSEY
HSEI
HSET
HSEH
HSEE
HSES
HSEO
HSS
HSSJ
HSSK
HSSC
HSSY
HSSI
HSST
HSSH
HSSE
HSSS
HSSO
HSO
HSOJ
HSOK
HSOC
HSOY
HSOI
HSOT
HSOH
HSOE
HSOS
HSOO
HO
HOJ
HOJJ
HOJK
HOJC
HOJY
HOJI
HOJT
HOJH
HOJE
HOJS
HOJO
HOK
HOKJ
HOKK
HOKC
HOKY
HOKI
HOKT
HOKH
HOKE
HOKS
HOKO
HOC
HOCJ
HOCK
HOCC
HOCY
HOCI
HOCT
HOCH
HOCE
HOCS
HOCO
HOY
HOYJ
HOYK
HOYC
HOYY
HOYI
HOYT
HOYH
HOYE
HOYS
HOYO
HOI
HOIJ
HOIK
HOIC
HOIY
HOII
HOIT
HOIH
HOIE
HOIS
HOIO
HOT
HOTJ
HOTK
HOTC
HOTY
HOTI
HOTT
HOTH
HOTE
HOTS
HOTO
HOH
HOHJ
HOHK
HOHC
HOHY
HOHI
HOHT
HOHH
HOHE
HOHS
HOHO
HOE
HOEJ
HOEK
HOEC
HOEY
HOEI
HOET
HOEH
HOEE
HOES
HOEO
HOS
HOSJ
HOSK
HOSC
HOSY
HOSI
HOST
HOSH
HOSE
HOSS
HOSO
HOO
HOOJ
HOOK
HOOC
HOOY
HOOI
HOOT
HOOH
HOOE
HOOS
HOOO
E
EJ
EJJ
EJJJ
EJJK
EJJC
EJJY
EJJI
EJJT
EJJH
EJJE
EJJS
EJJO
EJK
EJKJ
EJKK
EJKC
EJKY
EJKI
EJKT
EJKH
EJKE
EJKS
EJKO
EJC
EJCJ
EJCK
EJCC
EJCY
EJCI
EJCT
EJCH
EJCE
EJCS
EJCO
EJY
EJYJ
EJYK
EJYC
EJYY
EJYI
EJYT
EJYH
EJYE
EJYS
EJYO
EJI
EJIJ
EJIK
EJIC
EJIY
EJII
EJIT
EJIH
EJIE
EJIS
EJIO
EJT
EJTJ
EJTK
EJTC
EJTY
EJTI
EJTT
EJTH
EJTE
EJTS
EJTO
EJH
EJHJ
EJHK
EJHC
EJHY
EJHI
EJHT
EJHH
EJHE
EJHS
EJHO
EJE
EJEJ
EJEK
EJEC
EJEY
EJEI
EJET
EJEH
EJEE
EJES
EJEO
EJS
EJSJ
EJSK
EJSC
EJSY
EJSI
EJST
EJSH
EJSE
EJSS
EJSO
EJO
EJOJ
EJOK
EJOC
EJOY
EJOI
EJOT
EJOH
EJOE
EJOS
EJOO
EK
EKJ
EKJJ
EKJK
EKJC
EKJY
EKJI
EKJT
EKJH
EKJE
EKJS
EKJO
EKK
EKKJ
EKKK
EKKC
EKKY
EKKI
EKKT
EKKH
EKKE
EKKS
EKKO
EKC
EKCJ
EKCK
EKCC
EKCY
EKCI
EKCT
EKCH
EKCE
EKCS
EKCO
EKY
EKYJ
EKYK
EKYC
EKYY
EKYI
EKYT
EKYH
EKYE
EKYS
EKYO
EKI
EKIJ
EKIK
EKIC
EKIY
EKII
EKIT
EKIH
EKIE
EKIS
EKIO
EKT
EKTJ
EKTK
EKTC
EKTY
EKTI
EKTT
EKTH
EKTE
EKTS
EKTO
EKH
EKHJ
EKHK
EKHC
EKHY
EKHI
EKHT
EKHH
EKHE
EKHS
EKHO
EKE
EKEJ
EKEK
EKEC
EKEY
EKEI
EKET
EKEH
EKEE
EKES
EKEO
EKS
EKSJ
EKSK
EKSC
EKSY
EKSI
EKST
EKSH
EKSE
EKSS
EKSO
EKO
EKOJ
EKOK
EKOC
EKOY
EKOI
EKOT
EKOH
EKOE
EKOS
EKOO
EC
ECJ
ECJJ
ECJK
ECJC
ECJY
ECJI
ECJT
ECJH
ECJE
ECJS
ECJO
ECK
ECKJ
ECKK
ECKC
ECKY
ECKI
ECKT
ECKH
ECKE
ECKS
ECKO
ECC
ECCJ
ECCK
ECCC
ECCY
ECCI
ECCT
ECCH
ECCE
ECCS
ECCO
ECY
ECYJ
ECYK
ECYC
ECYY
ECYI
ECYT
ECYH
ECYE
ECYS
ECYO
ECI
ECIJ
ECIK
ECIC
ECIY
ECII
ECIT
ECIH
ECIE
ECIS
ECIO
ECT
ECTJ
ECTK
ECTC
ECTY
ECTI
ECTT
ECTH
ECTE
ECTS
ECTO
ECH
ECHJ
ECHK
ECHC
ECHY
ECHI
ECHT
ECHH
ECHE
ECHS
ECHO
ECE
ECEJ
ECEK
ECEC
ECEY
ECEI
ECET
ECEH
ECEE
ECES
ECEO
ECS
ECSJ
ECSK
ECSC
ECSY
ECSI
ECST
ECSH
ECSE
ECSS
ECSO
ECO
ECOJ
ECOK
ECOC
ECOY
ECOI
ECOT
ECOH
ECOE
ECOS
ECOO
EY
EYJ
EYJJ
EYJK
EYJC
EYJY
EYJI
EYJT
EYJH
EYJE
EYJS
EYJO
EYK
EYKJ
EYKK
EYKC
EYKY
EYKI
EYKT
EYKH
EYKE
EYKS
EYKO
EYC
EYCJ
EYCK
EYCC
EYCY
EYCI
EYCT
EYCH
EYCE
EYCS
EYCO
EYY
EYYJ
EYYK
EYYC
EYYY
EYYI
EYYT
EYYH
EYYE
EYYS
EYYO
EYI
EYIJ
EYIK
EYIC
EYIY
EYII
EYIT
EYIH
EYIE
EYIS
EYIO
EYT
EYTJ
EYTK
EYTC
EYTY
EYTI
EYTT
EYTH
EYTE
EYTS
EYTO
EYH
EYHJ
EYHK
EYHC
EYHY
EYHI
EYHT
EYHH
EYHE
EYHS
EYHO
EYE
EYEJ
EYEK
EYEC
EYEY
EYEI
EYET
EYEH
EYEE
EYES
EYEO
EYS
EYSJ
EYSK
EYSC
EYSY
EYSI
EYST
EYSH
EYSE
EYSS
EYSO
EYO
EYOJ
EYOK
EYOC
EYOY
EYOI
EYOT
EYOH
EYOE
EYOS
EYOO
EI
EIJ
EIJJ
EIJK
EIJC
EIJY
EIJI
EIJT
EIJH
EIJE
EIJS
EIJO
EIK
EIKJ
EIKK
EIKC
EIKY
EIKI
EIKT
EIKH
EIKE
EIKS
EIKO
EIC
EICJ
EICK
EICC
EICY
EICI
EICT
EICH
EICE
EICS
EICO
EIY
EIYJ
EIYK
EIYC
EIYY
EIYI
EIYT
EIYH
EIYE
EIYS
EIYO
EII
EIIJ
EIIK
EIIC
EIIY
EIII
EIIT
EIIH
EIIE
EIIS
EIIO
EIT
EITJ
EITK
EITC
EITY
EITI
EITT
EITH
EITE
EITS
EITO
EIH
EIHJ
EIHK
EIHC
EIHY
EIHI
EIHT
EIHH
EIHE
EIHS
EIHO
EIE
EIEJ
EIEK
EIEC
EIEY
EIEI
EIET
EIEH
EIEE
EIES
EIEO
EIS
EISJ
EISK
EISC
EISY
EISI
EIST
EISH
EISE
EISS
EISO
EIO
EIOJ
EIOK
EIOC
EIOY
EIOI
EIOT
EIOH
EIOE
EIOS
EIOO
ET
ETJ
ETJJ
ETJK
ETJC
ETJY
ETJI
ETJT
ETJH
ETJE
ETJS
ETJO
ETK
ETKJ
ETKK
ETKC
ETKY
ETKI
ETKT
ETKH
ETKE
ETKS
ETKO
ETC
ETCJ
ETCK
ETCC
ETCY
ETCI
ETCT
ETCH
ETCE
ETCS
ETCO
ETY
ETYJ
ETYK
ETYC
ETYY
ETYI
ETYT
ETYH
ETYE
ETYS
ETYO
ETI
ETIJ
ETIK
ETIC
ETIY
ETII
ETIT
ETIH
ETIE
ETIS
ETIO
ETT
ETTJ
ETTK
ETTC
ETTY
ETTI
ETTT
ETTH
ETTE
ETTS
ETTO
ETH
ETHJ
ETHK
ETHC
ETHY
ETHI
ETHT
ETHH
ETHE
ETHS
ETHO
ETE
ETEJ
ETEK
ETEC
ETEY
ETEI
ETET
ETEH
ETEE
ETES
ETEO
ETS
ETSJ
ETSK
ETSC
ETSY
ETSI
ETST
ETSH
ETSE
ETSS
ETSO
ETO
ETOJ
ETOK
ETOC
ETOY
ETOI
ETOT
ETOH
ETOE
ETOS
ETOO
EH
EHJ
EHJJ
EHJK
EHJC
EHJY
EHJI
EHJT
EHJH
EHJE
EHJS
EHJO
EHK
EHKJ
EHKK
EHKC
EHKY
EHKI
EHKT
EHKH
EHKE
EHKS
EHKO
EHC
EHCJ
EHCK
EHCC
EHCY
EHCI
EHCT
EHCH
EHCE
EHCS
EHCO
EHY
EHYJ
EHYK
EHYC
EHYY
EHYI
EHYT
EHYH
EHYE
EHYS
EHYO
EHI
EHIJ
EHIK
EHIC
EHIY
EHII
EHIT
EHIH
EHIE
EHIS
EHIO
EHT
EHTJ
EHTK
EHTC
EHTY
EHTI
EHTT
EHTH
EHTE
EHTS
EHTO
EHH
EHHJ
EHHK
EHHC
EHHY
EHHI
EHHT
EHHH
EHHE
EHHS
EHHO
EHE
EHEJ
EHEK
EHEC
EHEY
EHEI
EHET
EHEH
EHEE
EHES
EHEO
EHS
EHSJ
EHSK
EHSC
EHSY
EHSI
EHST
EHSH
EHSE
EHSS
EHSO
EHO
EHOJ
EHOK
EHOC
EHOY
EHOI
EHOT
EHOH
EHOE
EHOS
EHOO
EE
EEJ
EEJJ
EEJK
EEJC
EEJY
EEJI
EEJT
EEJH
EEJE
EEJS
EEJO
EEK
EEKJ
EEKK
EEKC
EEKY
EEKI
EEKT
EEKH
EEKE
EEKS
EEKO
EEC
EECJ
EECK
EECC
EECY
EECI
EECT
EECH
EECE
EECS
EECO
EEY
EEYJ
EEYK
EEYC
EEYY
EEYI
EEYT
EEYH
EEYE
EEYS
EEYO
EEI
EEIJ
EEIK
EEIC
EEIY
EEII
EEIT
EEIH
EEIE
EEIS
EEIO
EET
EETJ
EETK
EETC
EETY
EETI
EETT
EETH
EETE
EETS
EETO
EEH
EEHJ
EEHK
EEHC
EEHY
EEHI
EEHT
EEHH
EEHE
EEHS
EEHO
EEE
EEEJ
EEEK
EEEC
EEEY
EEEI
EEET
EEEH
EEEE
EEES
EEEO
EES
EESJ
EESK
EESC
EESY
EESI
EEST
EESH
EESE
EESS
EESO
EEO
EEOJ
EEOK
EEOC
EEOY
EEOI
EEOT
EEOH
EEOE
EEOS
EEOO
ES
ESJ
ESJJ
ESJK
ESJC
ESJY
ESJI
ESJT
ESJH
ESJE
ESJS
ESJO
ESK
ESKJ
ESKK
ESKC
ESKY
ESKI
ESKT
ESKH
ESKE
ESKS
ESKO
ESC
ESCJ
ESCK
ESCC
ESCY
ESCI
ESCT
ESCH
ESCE
ESCS
ESCO
ESY
ESYJ
ESYK
ESYC
ESYY
ESYI
ESYT
ESYH
ESYE
ESYS
ESYO
ESI
ESIJ
ESIK
ESIC
ESIY
ESII
ESIT
ESIH
ESIE
ESIS
ESIO
EST
ESTJ
ESTK
ESTC
ESTY
ESTI
ESTT
ESTH
ESTE
ESTS
ESTO
ESH
ESHJ
ESHK
ESHC
ESHY
ESHI
ESHT
ESHH
ESHE
ESHS
ESHO
ESE
ESEJ
ESEK
ESEC
ESEY
ESEI
ESET
ESEH
ESEE
ESES
ESEO
ESS
ESSJ
ESSK
ESSC
ESSY
ESSI
ESST
ESSH
ESSE
ESSS
ESSO
ESO
ESOJ
ESOK
ESOC
ESOY
ESOI
ESOT
ESOH
ESOE
ESOS
ESOO
EO
EOJ
EOJJ
EOJK
EOJC
EOJY
EOJI
EOJT
EOJH
EOJE
EOJS
EOJO
EOK
EOKJ
EOKK
EOKC
EOKY
EOKI
EOKT
EOKH
EOKE
EOKS
EOKO
EOC
EOCJ
EOCK
EOCC
EOCY
EOCI
EOCT
EOCH
EOCE
EOCS
EOCO
EOY
EOYJ
EOYK
EOYC
EOYY
EOYI
EOYT
EOYH
EOYE
EOYS
EOYO
EOI
EOIJ
EOIK
EOIC
EOIY
EOII
EOIT
EOIH
EOIE
EOIS
EOIO
EOT
EOTJ
EOTK
EOTC
EOTY
EOTI
EOTT
EOTH
EOTE
EOTS
EOTO
EOH
EOHJ
EOHK
EOHC
EOHY
EOHI
EOHT
EOHH
EOHE
EOHS
EOHO
EOE
EOEJ
EOEK
EOEC
EOEY
EOEI
EOET
EOEH
EOEE
EOES
EOEO
EOS
EOSJ
EOSK
EOSC
EOSY
EOSI
EOST
EOSH
EOSE
EOSS
EOSO
EOO
EOOJ
EOOK
EOOC
EOOY
EOOI
EOOT
EOOH
EOOE
EOOS
EOOO
S
SJ
SJJ
SJJJ
SJJK
SJJC
SJJY
SJJI
SJJT
SJJH
SJJE
SJJS
SJJO
SJK
SJKJ
SJKK
SJKC
SJKY
SJKI
SJKT
SJKH
SJKE
SJKS
SJKO
SJC
SJCJ
SJCK
SJCC
SJCY
SJCI
SJCT
SJCH
SJCE
SJCS
SJCO
SJY
SJYJ
SJYK
SJYC
SJYY
SJYI
SJYT
SJYH
SJYE
SJYS
SJYO
SJI
SJIJ
SJIK
SJIC
SJIY
SJII
SJIT
SJIH
SJIE
SJIS
SJIO
SJT
SJTJ
SJTK
SJTC
SJTY
SJTI
SJTT
SJTH
SJTE
SJTS
SJTO
SJH
SJHJ
SJHK
SJHC
SJHY
SJHI
SJHT
SJHH
SJHE
SJHS
SJHO
SJE
SJEJ
SJEK
SJEC
SJEY
SJEI
SJET
SJEH
SJEE
SJES
SJEO
SJS
SJSJ
SJSK
SJSC
SJSY
SJSI
SJST
SJSH
SJSE
SJSS
SJSO
SJO
SJOJ
SJOK
SJOC
SJOY
SJOI
SJOT
SJOH
SJOE
SJOS
SJOO
SK
SKJ
SKJJ
SKJK
SKJC
SKJY
SKJI
SKJT
SKJH
SKJE
SKJS
SKJO
SKK
SKKJ
SKKK
SKKC
SKKY
SKKI
SKKT
SKKH
SKKE
SKKS
SKKO
SKC
SKCJ
SKCK
SKCC
SKCY
SKCI
SKCT
SKCH
SKCE
SKCS
SKCO
SKY
SKYJ
SKYK
SKYC
SKYY
SKYI
SKYT
SKYH
SKYE
SKYS
SKYO
SKI
SKIJ
SKIK
SKIC
SKIY
SKII
SKIT
SKIH
SKIE
SKIS
SKIO
SKT
SKTJ
SKTK
SKTC
SKTY
SKTI
SKTT
SKTH
SKTE
SKTS
SKTO
SKH
SKHJ
SKHK
SKHC
SKHY
SKHI
SKHT
SKHH
SKHE
SKHS
SKHO
SKE
SKEJ
SKEK
SKEC
SKEY
SKEI
SKET
SKEH
SKEE
SKES
SKEO
SKS
SKSJ
SKSK
SKSC
SKSY
SKSI
SKST
SKSH
SKSE
SKSS
SKSO
SKO
SKOJ
SKOK
SKOC
SKOY
SKOI
SKOT
SKOH
SKOE
SKOS
SKOO
SC
SCJ
SCJJ
SCJK
SCJC
SCJY
SCJI
SCJT
SCJH
SCJE
SCJS
SCJO
SCK
SCKJ
SCKK
SCKC
SCKY
SCKI
SCKT
SCKH
SCKE
SCKS
SCKO
SCC
SCCJ
SCCK
SCCC
SCCY
SCCI
SCCT
SCCH
SCCE
SCCS
SCCO
SCY
SCYJ
SCYK
SCYC
SCYY
SCYI
SCYT
SCYH
SCYE
SCYS
SCYO
SCI
SCIJ
SCIK
SCIC
SCIY
SCII
SCIT
SCIH
SCIE
SCIS
SCIO
SCT
SCTJ
SCTK
SCTC
SCTY
SCTI
SCTT
SCTH
SCTE
SCTS
SCTO
SCH
SCHJ
SCHK
SCHC
SCHY
SCHI
SCHT
SCHH
SCHE
SCHS
SCHO
SCE
SCEJ
SCEK
SCEC
SCEY
SCEI
SCET
SCEH
SCEE
SCES
SCEO
SCS
SCSJ
SCSK
SCSC
SCSY
SCSI
SCST
SCSH
SCSE
SCSS
SCSO
SCO
SCOJ
SCOK
SCOC
SCOY
SCOI
SCOT
SCOH
SCOE
SCOS
SCOO
SY
SYJ
SYJJ
SYJK
SYJC
SYJY
SYJI
SYJT
SYJH
SYJE
SYJS
SYJO
SYK
SYKJ
SYKK
SYKC
SYKY
SYKI
SYKT
SYKH
SYKE
SYKS
SYKO
SYC
SYCJ
SYCK
SYCC
SYCY
SYCI
SYCT
SYCH
SYCE
SYCS
SYCO
SYY
SYYJ
SYYK
SYYC
SYYY
SYYI
SYYT
SYYH
SYYE
SYYS
SYYO
SYI
SYIJ
SYIK
SYIC
SYIY
SYII
SYIT
SYIH
SYIE
SYIS
SYIO
SYT
SYTJ
SYTK
SYTC
SYTY
SYTI
SYTT
SYTH
SYTE
SYTS
SYTO
SYH
SYHJ
SYHK
SYHC
SYHY
SYHI
SYHT
SYHH
SYHE
SYHS
SYHO
SYE
SYEJ
SYEK
SYEC
SYEY
SYEI
SYET
SYEH
SYEE
SYES
SYEO
SYS
SYSJ
SYSK
SYSC
SYSY
SYSI
SYST
SYSH
SYSE
SYSS
SYSO
SYO
SYOJ
SYOK
SYOC
SYOY
SYOI
SYOT
SYOH
SYOE
SYOS
SYOO
SI
SIJ
SIJJ
SIJK
SIJC
SIJY
SIJI
SIJT
SIJH
SIJE
SIJS
SIJO
SIK
SIKJ
SIKK
SIKC
SIKY
SIKI
SIKT
SIKH
SIKE
SIKS
SIKO
SIC
SICJ
SICK
SICC
SICY
SICI
SICT
SICH
SICE
SICS
SICO
SIY
SIYJ
SIYK
SIYC
SIYY
SIYI
SIYT
SIYH
SIYE
SIYS
SIYO
SII
SIIJ
SIIK
SIIC
SIIY
SIII
SIIT
SIIH
SIIE
SIIS
SIIO
SIT
SITJ
SITK
SITC
SITY
SITI
SITT
SITH
SITE
SITS
SITO
SIH
SIHJ
SIHK
SIHC
SIHY
SIHI
SIHT
SIHH
SIHE
SIHS
SIHO
SIE
SIEJ
SIEK
SIEC
SIEY
SIEI
SIET
SIEH
SIEE
SIES
SIEO
SIS
SISJ
SISK
SISC
SISY
SISI
SIST
SISH
SISE
SISS
SISO
SIO
SIOJ
SIOK
SIOC
SIOY
SIOI
SIOT
SIOH
SIOE
SIOS
SIOO
ST
STJ
STJJ
STJK
STJC
STJY
STJI
STJT
STJH
STJE
STJS
STJO
STK
STKJ
STKK
STKC
STKY
STKI
STKT
STKH
STKE
STKS
STKO
STC
STCJ
STCK
STCC
STCY
STCI
STCT
STCH
STCE
STCS
STCO
STY
STYJ
STYK
STYC
STYY
STYI
STYT
STYH
STYE
STYS
STYO
STI
STIJ
STIK
STIC
STIY
STII
STIT
STIH
STIE
STIS
STIO
STT
STTJ
STTK
STTC
STTY
STTI
STTT
STTH
STTE
STTS
STTO
STH
STHJ
STHK
STHC
STHY
STHI
STHT
STHH
STHE
STHS
STHO
STE
STEJ
STEK
STEC
STEY
STEI
STET
STEH
STEE
STES
STEO
STS
STSJ
STSK
STSC
STSY
STSI
STST
STSH
STSE
STSS
STSO
STO
STOJ
STOK
STOC
STOY
STOI
STOT
STOH
STOE
STOS
STOO
SH
SHJ
SHJJ
SHJK
SHJC
SHJY
SHJI
SHJT
SHJH
SHJE
SHJS
SHJO
SHK
SHKJ
SHKK
SHKC
SHKY
SHKI
SHKT
SHKH
SHKE
SHKS
SHKO
SHC
SHCJ
SHCK
SHCC
SHCY
SHCI
SHCT
SHCH
SHCE
SHCS
SHCO
SHY
SHYJ
SHYK
SHYC
SHYY
SHYI
SHYT
SHYH
SHYE
SHYS
SHYO
SHI
SHIJ
SHIK
SHIC
SHIY
SHII
SHIT
SHIH
SHIE
SHIS
SHIO
SHT
SHTJ
SHTK
SHTC
SHTY
SHTI
SHTT
SHTH
SHTE
SHTS
SHTO
SHH
SHHJ
SHHK
SHHC
SHHY
SHHI
SHHT
SHHH
SHHE
SHHS
SHHO
SHE
SHEJ
SHEK
SHEC
SHEY
SHEI
SHET
SHEH
SHEE
SHES
SHEO
SHS
SHSJ
SHSK
SHSC
SHSY
SHSI
SHST
SHSH
SHSE
SHSS
SHSO
SHO
SHOJ
SHOK
SHOC
SHOY
SHOI
SHOT
SHOH
SHOE
SHOS
SHOO
SE
SEJ
SEJJ
SEJK
SEJC
SEJY
SEJI
SEJT
SEJH
SEJE
SEJS
SEJO
SEK
SEKJ
SEKK
SEKC
SEKY
SEKI
SEKT
SEKH
SEKE
SEKS
SEKO
SEC
SECJ
SECK
SECC
SECY
SECI
SECT
SECH
SECE
SECS
SECO
SEY
SEYJ
SEYK
SEYC
SEYY
SEYI
SEYT
SEYH
SEYE
SEYS
SEYO
SEI
SEIJ
SEIK
SEIC
SEIY
SEII
SEIT
SEIH
SEIE
SEIS
SEIO
SET
SETJ
SETK
SETC
SETY
SETI
SETT
SETH
SETE
SETS
SETO
SEH
SEHJ
SEHK
SEHC
SEHY
SEHI
SEHT
SEHH
SEHE
SEHS
SEHO
SEE
SEEJ
SEEK
SEEC
SEEY
SEEI
SEET
SEEH
SEEE
SEES
SEEO
SES
SESJ
SESK
SESC
SESY
SESI
SEST
SESH
SESE
SESS
SESO
SEO
SEOJ
SEOK
SEOC
SEOY
SEOI
SEOT
SEOH
SEOE
SEOS
SEOO
SS
SSJ
SSJJ
SSJK
SSJC
SSJY
SSJI
SSJT
SSJH
SSJE
SSJS
SSJO
SSK
SSKJ
SSKK
SSKC
SSKY
SSKI
SSKT
SSKH
SSKE
SSKS
SSKO
SSC
SSCJ
SSCK
SSCC
SSCY
SSCI
SSCT
SSCH
SSCE
SSCS
SSCO
SSY
SSYJ
SSYK
SSYC
SSYY
SSYI
SSYT
SSYH
SSYE
SSYS
SSYO
SSI
SSIJ
SSIK
SSIC
SSIY
SSII
SSIT
SSIH
SSIE
SSIS
SSIO
SST
SSTJ
SSTK
SSTC
SSTY
SSTI
SSTT
SSTH
SSTE
SSTS
SSTO
SSH
SSHJ
SSHK
SSHC
SSHY
SSHI
SSHT
SSHH
SSHE
SSHS
SSHO
SSE
SSEJ
SSEK
SSEC
SSEY
SSEI
SSET
SSEH
SSEE
SSES
SSEO
SSS
SSSJ
SSSK
SSSC
SSSY
SSSI
SSST
SSSH
SSSE
SSSS
SSSO
SSO
SSOJ
SSOK
SSOC
SSOY
SSOI
SSOT
SSOH
SSOE
SSOS
SSOO
SO
SOJ
SOJJ
SOJK
SOJC
SOJY
SOJI
SOJT
SOJH
SOJE
SOJS
SOJO
SOK
SOKJ
SOKK
SOKC
SOKY
SOKI
SOKT
SOKH
SOKE
SOKS
SOKO
SOC
SOCJ
SOCK
SOCC
SOCY
SOCI
SOCT
SOCH
SOCE
SOCS
SOCO
SOY
SOYJ
SOYK
SOYC
SOYY
SOYI
SOYT
SOYH
SOYE
SOYS
SOYO
SOI
SOIJ
SOIK
SOIC
SOIY
SOII
SOIT
SOIH
SOIE
SOIS
SOIO
SOT
SOTJ
SOTK
SOTC
SOTY
SOTI
SOTT
SOTH
SOTE
SOTS
SOTO
SOH
SOHJ
SOHK
SOHC
SOHY
SOHI
SOHT
SOHH
SOHE
SOHS
SOHO
SOE
SOEJ
SOEK
SOEC
SOEY
SOEI
SOET
SOEH
SOEE
SOES
SOEO
SOS
SOSJ
SOSK
SOSC
SOSY
SOSI
SOST
SOSH
SOSE
SOSS
SOSO
SOO
SOOJ
SOOK
SOOC
SOOY
SOOI
SOOT
SOOH
SOOE
SOOS
SOOO
O
OJ
OJJ
OJJJ
OJJK
OJJC
OJJY
OJJI
OJJT
OJJH
OJJE
OJJS
OJJO
OJK
OJKJ
OJKK
OJKC
OJKY
OJKI
OJKT
OJKH
OJKE
OJKS
OJKO
OJC
OJCJ
OJCK
OJCC
OJCY
OJCI
OJCT
OJCH
OJCE
OJCS
OJCO
OJY
OJYJ
OJYK
OJYC
OJYY
OJYI
OJYT
OJYH
OJYE
OJYS
OJYO
OJI
OJIJ
OJIK
OJIC
OJIY
OJII
OJIT
OJIH
OJIE
OJIS
OJIO
OJT
OJTJ
OJTK
OJTC
OJTY
OJTI
OJTT
OJTH
OJTE
OJTS
OJTO
OJH
OJHJ
OJHK
OJHC
OJHY
OJHI
OJHT
OJHH
OJHE
OJHS
OJHO
OJE
OJEJ
OJEK
OJEC
OJEY
OJEI
OJET
OJEH
OJEE
OJES
OJEO
OJS
OJSJ
OJSK
OJSC
OJSY
OJSI
OJST
OJSH
OJSE
OJSS
OJSO
OJO
OJOJ
OJOK
OJOC
OJOY
OJOI
OJOT
OJOH
OJOE
OJOS
OJOO
OK
OKJ
OKJJ
OKJK
OKJC
OKJY
OKJI
OKJT
OKJH
OKJE
OKJS
OKJO
OKK
OKKJ
OKKK
OKKC
OKKY
OKKI
OKKT
OKKH
OKKE
OKKS
OKKO
OKC
OKCJ
OKCK
OKCC
OKCY
OKCI
OKCT
OKCH
OKCE
OKCS
OKCO
OKY
OKYJ
OKYK
OKYC
OKYY
OKYI
OKYT
OKYH
OKYE
OKYS
OKYO
OKI
OKIJ
OKIK
OKIC
OKIY
OKII
OKIT
OKIH
OKIE
OKIS
OKIO
OKT
OKTJ
OKTK
OKTC
OKTY
OKTI
OKTT
OKTH
OKTE
OKTS
OKTO
OKH
OKHJ
OKHK
OKHC
OKHY
OKHI
OKHT
OKHH
OKHE
OKHS
OKHO
OKE
OKEJ
OKEK
OKEC
OKEY
OKEI
OKET
OKEH
OKEE
OKES
OKEO
OKS
OKSJ
OKSK
OKSC
OKSY
OKSI
OKST
OKSH
OKSE
OKSS
OKSO
OKO
OKOJ
OKOK
OKOC
OKOY
OKOI
OKOT
OKOH
OKOE
OKOS
OKOO
OC
OCJ
OCJJ
OCJK
OCJC
OCJY
OCJI
OCJT
OCJH
OCJE
OCJS
OCJO
OCK
OCKJ
OCKK
OCKC
OCKY
OCKI
OCKT
OCKH
OCKE
OCKS
OCKO
OCC
OCCJ
OCCK
OCCC
OCCY
OCCI
OCCT
OCCH
OCCE
OCCS
OCCO
OCY
OCYJ
OCYK
OCYC
OCYY
OCYI
OCYT
OCYH
OCYE
OCYS
OCYO
OCI
OCIJ
OCIK
OCIC
OCIY
OCII
OCIT
OCIH
OCIE
OCIS
OCIO
OCT
OCTJ
OCTK
OCTC
OCTY
OCTI
OCTT
OCTH
OCTE
OCTS
OCTO
OCH
OCHJ
OCHK
OCHC
OCHY
OCHI
OCHT
OCHH
OCHE
OCHS
OCHO
OCE
OCEJ
OCEK
OCEC
OCEY
OCEI
OCET
OCEH
OCEE
OCES
OCEO
OCS
OCSJ
OCSK
OCSC
OCSY
OCSI
OCST
OCSH
OCSE
OCSS
OCSO
OCO
OCOJ
OCOK
OCOC
OCOY
OCOI
OCOT
OCOH
OCOE
OCOS
OCOO
OY
OYJ
OYJJ
OYJK
OYJC
OYJY
OYJI
OYJT
OYJH
OYJE
OYJS
OYJO
OYK
OYKJ
OYKK
OYKC
OYKY
OYKI
OYKT
OYKH
OYKE
OYKS
OYKO
OYC
OYCJ
OYCK
OYCC
OYCY
OYCI
OYCT
OYCH
OYCE
OYCS
OYCO
OYY
OYYJ
OYYK
OYYC
OYYY
OYYI
OYYT
OYYH
OYYE
OYYS
OYYO
OYI
OYIJ
OYIK
OYIC
OYIY
OYII
OYIT
OYIH
OYIE
OYIS
OYIO
OYT
OYTJ
OYTK
OYTC
OYTY
OYTI
OYTT
OYTH
OYTE
OYTS
OYTO
OYH
OYHJ
OYHK
OYHC
OYHY
OYHI
OYHT
OYHH
OYHE
OYHS
OYHO
OYE
OYEJ
OYEK
OYEC
OYEY
OYEI
OYET
OYEH
OYEE
OYES
OYEO
OYS
OYSJ
OYSK
OYSC
OYSY
OYSI
OYST
OYSH
OYSE
OYSS
OYSO
OYO
OYOJ
OYOK
OYOC
OYOY
OYOI
OYOT
OYOH
OYOE
OYOS
OYOO
OI
OIJ
OIJJ
OIJK
OIJC
OIJY
OIJI
OIJT
OIJH
OIJE
OIJS
OIJO
OIK
OIKJ
OIKK
OIKC
OIKY
OIKI
OIKT
OIKH
OIKE
OIKS
OIKO
OIC
OICJ
OICK
OICC
OICY
OICI
OICT
OICH
OICE
OICS
OICO
OIY
OIYJ
OIYK
OIYC
OIYY
OIYI
OIYT
OIYH
OIYE
OIYS
OIYO
OII
OIIJ
OIIK
OIIC
OIIY
OIII
OIIT
OIIH
OIIE
OIIS
OIIO
OIT
OITJ
OITK
OITC
OITY
OITI
OITT
OITH
OITE
OITS
OITO
OIH
OIHJ
OIHK
OIHC
OIHY
OIHI
OIHT
OIHH
OIHE
OIHS
OIHO
OIE
OIEJ
OIEK
OIEC
OIEY
OIEI
OIET
OIEH
OIEE
OIES
OIEO
OIS
OISJ
OISK
OISC
OISY
OISI
OIST
OISH
OISE
OISS
OISO
OIO
OIOJ
OIOK
OIOC
OIOY
OIOI
OIOT
OIOH
OIOE
OIOS
OIOO
OT
OTJ
OTJJ
OTJK
OTJC
OTJY
OTJI
OTJT
OTJH
OTJE
OTJS
OTJO
OTK
OTKJ
OTKK
OTKC
OTKY
OTKI
OTKT
OTKH
OTKE
OTKS
OTKO
OTC
OTCJ
OTCK
OTCC
OTCY
OTCI
OTCT
OTCH
OTCE
OTCS
OTCO
OTY
OTYJ
OTYK
OTYC
OTYY
OTYI
OTYT
OTYH
OTYE
OTYS
OTYO
OTI
OTIJ
OTIK
OTIC
OTIY
OTII
OTIT
OTIH
OTIE
OTIS
OTIO
OTT
OTTJ
OTTK
OTTC
OTTY
OTTI
OTTT
OTTH
OTTE
OTTS
OTTO
OTH
OTHJ
OTHK
OTHC
OTHY
OTHI
OTHT
OTHH
OTHE
OTHS
OTHO
OTE
OTEJ
OTEK
OTEC
OTEY
OTEI
OTET
OTEH
OTEE
OTES
OTEO
OTS
OTSJ
OTSK
OTSC
OTSY
OTSI
OTST
OTSH
OTSE
OTSS
OTSO
OTO
OTOJ
OTOK
OTOC
OTOY
OTOI
OTOT
OTOH
OTOE
OTOS
OTOO
OH
OHJ
OHJJ
OHJK
OHJC
OHJY
OHJI
OHJT
OHJH
OHJE
OHJS
OHJO
OHK
OHKJ
OHKK
OHKC
OHKY
OHKI
OHKT
OHKH
OHKE
OHKS
OHKO
OHC
OHCJ
OHCK
OHCC
OHCY
OHCI
OHCT
OHCH
OHCE
OHCS
OHCO
OHY
OHYJ
OHYK
OHYC
OHYY
OHYI
OHYT
OHYH
OHYE
OHYS
OHYO
OHI
OHIJ
OHIK
OHIC
OHIY
OHII
OHIT
OHIH
OHIE
OHIS
OHIO
OHT
OHTJ
OHTK
OHTC
OHTY
OHTI
OHTT
OHTH
OHTE
OHTS
OHTO
OHH
OHHJ
OHHK
OHHC
OHHY
OHHI
OHHT
OHHH
OHHE
OHHS
OHHO
OHE
OHEJ
OHEK
OHEC
OHEY
OHEI
OHET
OHEH
OHEE
OHES
OHEO
OHS
OHSJ
OHSK
OHSC
OHSY
OHSI
OHST
OHSH
OHSE
OHSS
OHSO
OHO
OHOJ
OHOK
OHOC
OHOY
OHOI
OHOT
OHOH
OHOE
OHOS
OHOO
OE
OEJ
OEJJ
OEJK
OEJC
OEJY
OEJI
OEJT
OEJH
OEJE
OEJS
OEJO
OEK
OEKJ
OEKK
OEKC
OEKY
OEKI
OEKT
OEKH
OEKE
OEKS
OEKO
OEC
OECJ
OECK
OECC
OECY
OECI
OECT
OECH
OECE
OECS
OECO
OEY
OEYJ
OEYK
OEYC
OEYY
OEYI
OEYT
OEYH
OEYE
OEYS
OEYO
OEI
OEIJ
OEIK
OEIC
OEIY
OEII
OEIT
OEIH
OEIE
OEIS
OEIO
OET
OETJ
OETK
OETC
OETY
OETI
OETT
OETH
OETE
OETS
OETO
OEH
OEHJ
OEHK
OEHC
OEHY
OEHI
OEHT
OEHH
OEHE
OEHS
OEHO
OEE
OEEJ
OEEK
OEEC
OEEY
OEEI
OEET
OEEH
OEEE
OEES
OEEO
OES
OESJ
OESK
OESC
OESY
OESI
OEST
OESH
OESE
OESS
OESO
OEO
OEOJ
OEOK
OEOC
OEOY
OEOI
OEOT
OEOH
OEOE
OEOS
OEOO
OS
OSJ
OSJJ
OSJK
OSJC
OSJY
OSJI
OSJT
OSJH
OSJE
OSJS
OSJO
OSK
OSKJ
OSKK
OSKC
OSKY
OSKI
OSKT
OSKH
OSKE
OSKS
OSKO
OSC
OSCJ
OSCK
OSCC
OSCY
OSCI
OSCT
OSCH
OSCE
OSCS
OSCO
OSY
OSYJ
OSYK
OSYC
OSYY
OSYI
OSYT
OSYH
OSYE
OSYS
OSYO
OSI
OSIJ
OSIK
OSIC
OSIY
OSII
OSIT
OSIH
OSIE
OSIS
OSIO
OST
OSTJ
OSTK
OSTC
OSTY
OSTI
OSTT
OSTH
OSTE
OSTS
OSTO
OSH
OSHJ
OSHK
OSHC
OSHY
OSHI
OSHT
OSHH
OSHE
OSHS
OSHO
OSE
OSEJ
OSEK
OSEC
OSEY
OSEI
OSET
OSEH
OSEE
OSES
OSEO
OSS
OSSJ
OSSK
OSSC
OSSY
OSSI
OSST
OSSH
OSSE
OSSS
OSSO
OSO
OSOJ
OSOK
OSOC
OSOY
OSOI
OSOT
OSOH
OSOE
OSOS
OSOO
OO
OOJ
OOJJ
OOJK
OOJC
OOJY
OOJI
OOJT
OOJH
OOJE
OOJS
OOJO
OOK
OOKJ
OOKK
OOKC
OOKY
OOKI
OOKT
OOKH
OOKE
OOKS
OOKO
OOC
OOCJ
OOCK
OOCC
OOCY
OOCI
OOCT
OOCH
OOCE
OOCS
OOCO
OOY
OOYJ
OOYK
OOYC
OOYY
OOYI
OOYT
OOYH
OOYE
OOYS
OOYO
OOI
OOIJ
OOIK
OOIC
OOIY
OOII
OOIT
OOIH
OOIE
OOIS
OOIO
OOT
OOTJ
OOTK
OOTC
OOTY
OOTI
OOTT
OOTH
OOTE
OOTS
OOTO
OOH
OOHJ
OOHK
OOHC
OOHY
OOHI
OOHT
OOHH
OOHE
OOHS
OOHO
OOE
OOEJ
OOEK
OOEC
OOEY
OOEI
OOET
OOEH
OOEE
OOES
OOEO
OOS
OOSJ
OOSK
OOSC
OOSY
OOSI
OOST
OOSH
OOSE
OOSS
OOSO
OOO
OOOJ
OOOK
OOOC
OOOY
OOOI
OOOT
OOOH
OOOE
OOOS
OOOO
