AAAA
AAAY
AAAL
AAAJ
AAYA
AAYY
AAYL
AAYJ
AALA
AALY
AALL
AALJ
AAJA
AAJY
AAJL
AAJJ
AYAA
AYAY
AYAL
AYAJ
AYYA
AYYY
AYYL
AYYJ
AYLA
AYLY
AYLL
AYLJ
AYJA
AYJY
AYJL
AYJJ
ALAA
ALAY
ALAL
ALAJ
ALYA
ALYY
ALYL
ALYJ
ALLA
ALLY
ALLL
ALLJ
ALJA
ALJY
ALJL
ALJJ
AJAA
AJAY
AJAL
AJAJ
AJYA
AJYY
AJYL
AJYJ
AJLA
AJLY
AJLL
AJLJ
AJJA
AJJY
AJJL
AJJJ
YAAA
YAAY
YAAL
YAAJ
YAYA
YAYY
YAYL
YAYJ
YALA
YALY
YALL
YALJ
YAJA
YAJY
YAJL
YAJJ
YYAA
YYAY
YYAL
YYAJ
YYYA
YYYY
YYYL
YYYJ
YYLA
YYLY
YYLL
YYLJ
YYJA
YYJY
YYJL
YYJJ
YLAA
YLAY
YLAL
YLAJ
YLYA
YLYY
YLYL
YLYJ
YLLA
YLLY
YLLL
YLLJ
YLJA
YLJY
YLJL
YLJJ
YJAA
YJAY
YJAL
YJAJ
YJYA
YJYY
YJYL
YJYJ
YJLA
YJLY
YJLL
YJLJ
YJJA
YJJY
YJJL
YJJJ
LAAA
LAAY
LAAL
LAAJ
LAYA
LAYY
LAYL
LAYJ
LALA
LALY
LALL
LALJ
LAJA
LAJY
LAJL
LAJJ
LYAA
LYAY
LYAL
LYAJ
LYYA
LYYY
LYYL
LYYJ
LYLA
LYLY
LYLL
LYLJ
LYJA
LYJY
LYJL
LYJJ
LLAA
LLAY
LLAL
LLAJ
LLYA
LLYY
LLYL
LLYJ
LLLA
LLLY
LLLL
LLLJ
LLJA
LLJY
LLJL
LLJJ
LJAA
LJAY
LJAL
LJAJ
LJYA
LJYY
LJYL
LJYJ
LJLA
LJLY
LJLL
LJLJ
LJJA
LJJY
LJJL
LJJJ
JAAA
JAAY
JAAL
JAAJ
JAYA
JAYY
JAYL
JAYJ
JALA
JALY
JALL
JALJ
JAJA
JAJY
JAJL
JAJJ
JYAA
JYAY
JYAL
JYAJ
JYYA
JYYY
JYYL
JYYJ
JYLA
JYLY
JYLL
JYLJ
JYJA
JYJY
JYJL
JYJJ
JLAA
JLAY
JLAL
JLAJ
JLYA
JLYY
JLYL
JLYJ
JLLA
JLLY
JLLL
JLLJ
JLJA
JLJY
JLJL
JLJJ
JJAA
JJAY
JJAL
JJAJ
JJYA
JJYY
JJYL
JJYJ
JJLA
JJLY
JJLL
JJLJ
JJJA
JJJY
JJJL
JJJJ
